#
# There is insufficient memory for the Java Runtime Environment to continue.
# Native memory allocation (mmap) failed to map 80740352 bytes for G1 virtual space
# Possible reasons:
#   The system is out of physical RAM or swap space
#   The process is running with CompressedOops enabled, and the Java Heap may be blocking the growth of the native heap
# Possible solutions:
#   Reduce memory load on the system
#   Increase physical memory or swap space
#   Check if swap backing store is full
#   Decrease Java heap size (-Xmx/-Xms)
#   Decrease number of Java threads
#   Decrease Java thread stack sizes (-Xss)
#   Set larger code cache with -XX:ReservedCodeCacheSize=
#   JVM is running with Unscaled Compressed Oops mode in which the Java heap is
#     placed in the first 4GB address space. The Java Heap base address is the
#     maximum limit for the native heap growth. Please use -XX:HeapBaseMinAddress
#     to set the Java Heap base and to place the Java Heap above 4GB virtual address.
# This output file may be truncated or incomplete.
#
#  Out of Memory Error (os_windows.cpp:3769), pid=17500, tid=4572
#
# JRE version: OpenJDK Runtime Environment (17.0.6) (build 17.0.6+0-b2043.56-10027231)
# Java VM: OpenJDK 64-Bit Server VM (17.0.6+0-b2043.56-10027231, mixed mode, tiered, compressed oops, compressed class ptrs, g1 gc, windows-amd64)
# No core dump will be written. Minidumps are not enabled by default on client versions of Windows
#

---------------  S U M M A R Y ------------

Command Line: --add-opens=java.base/java.util=ALL-UNNAMED --add-opens=java.base/java.lang=ALL-UNNAMED --add-opens=java.base/java.lang.invoke=ALL-UNNAMED --add-opens=java.prefs/java.util.prefs=ALL-UNNAMED --add-opens=java.base/java.nio.charset=ALL-UNNAMED --add-opens=java.base/java.net=ALL-UNNAMED --add-opens=java.base/java.util.concurrent.atomic=ALL-UNNAMED -Xmx2048m -Dfile.encoding=UTF-8 -Duser.country=US -Duser.language=en -Duser.variant org.gradle.launcher.daemon.bootstrap.GradleDaemon 8.0

Host: AMD Ryzen 5 3500U with Radeon Vega Mobile Gfx  , 8 cores, 5G,  Windows 11 , 64 bit Build 22621 (10.0.22621.2506)
Time: Fri Dec 29 10:01:33 2023 India Standard Time elapsed time: 63.439373 seconds (0d 0h 1m 3s)

---------------  T H R E A D  ---------------

Current thread (0x0000021a7050fc60):  VMThread "VM Thread" [stack: 0x0000007581f00000,0x0000007582000000] [id=4572]

Stack: [0x0000007581f00000,0x0000007582000000]
Native frames: (J=compiled Java code, j=interpreted, Vv=VM code, C=native code)
V  [jvm.dll+0x683c9a]
V  [jvm.dll+0x8427a4]
V  [jvm.dll+0x843f9e]
V  [jvm.dll+0x844603]
V  [jvm.dll+0x249b75]
V  [jvm.dll+0x680b69]
V  [jvm.dll+0x67505a]
V  [jvm.dll+0x309acb]
V  [jvm.dll+0x310f86]
V  [jvm.dll+0x3608ee]
V  [jvm.dll+0x360b1f]
V  [jvm.dll+0x2dfbf8]
V  [jvm.dll+0x2e2ce6]
V  [jvm.dll+0x2ed478]
V  [jvm.dll+0x322150]
V  [jvm.dll+0x848ccb]
V  [jvm.dll+0x849a04]
V  [jvm.dll+0x849f1d]
V  [jvm.dll+0x84a2f4]
V  [jvm.dll+0x84a3c0]
V  [jvm.dll+0x7f274a]
V  [jvm.dll+0x682ad5]
C  [ucrtbase.dll+0x29363]
C  [KERNEL32.DLL+0x1257d]
C  [ntdll.dll+0x5aa58]

VM_Operation (0x0000007581bff450): G1Concurrent, mode: safepoint, requested by thread 0x0000021a567289f0


---------------  P R O C E S S  ---------------

Threads class SMR info:
_java_thread_list=0x0000021a76fd7d50, length=149, elements={
0x0000021a566ba920, 0x0000021a70522020, 0x0000021a704de270, 0x0000021a704fb010,
0x0000021a704fb8d0, 0x0000021a704fc380, 0x0000021a704fcd30, 0x0000021a71037530,
0x0000021a71037ee0, 0x0000021a710388d0, 0x0000021a711d61f0, 0x0000021a711e6b60,
0x0000021a726d4de0, 0x0000021a7131ecf0, 0x0000021a72b9b040, 0x0000021a723063f0,
0x0000021a71bdffe0, 0x0000021a71be04b0, 0x0000021a72b002e0, 0x0000021a71d400f0,
0x0000021a712aad00, 0x0000021a712aa830, 0x0000021a712a9e90, 0x0000021a712aa360,
0x0000021a712a9020, 0x0000021a712a7340, 0x0000021a712a8b50, 0x0000021a712a7810,
0x0000021a712a7ce0, 0x0000021a712a94f0, 0x0000021a712a8680, 0x0000021a712a99c0,
0x0000021a7606f940, 0x0000021a7606fe10, 0x0000021a760702e0, 0x0000021a760707b0,
0x0000021a76072490, 0x0000021a76071620, 0x0000021a7606ead0, 0x0000021a773a5fc0,
0x0000021a773a7300, 0x0000021a773aa320, 0x0000021a773a77d0, 0x0000021a773ad340,
0x0000021a773a8640, 0x0000021a773a6490, 0x0000021a773a7ca0, 0x0000021a773a6960,
0x0000021a773a94b0, 0x0000021a773ace70, 0x0000021a773a8170, 0x0000021a773a6e30,
0x0000021a773a8b10, 0x0000021a773a9980, 0x0000021a773a9e50, 0x0000021a773abb30,
0x0000021a773aa7f0, 0x0000021a773ab190, 0x0000021a773ab660, 0x0000021a773aacc0,
0x0000021a773ac000, 0x0000021a773ac4d0, 0x0000021a773ac9a0, 0x0000021a773a5af0,
0x0000021a713f0170, 0x0000021a713f4000, 0x0000021a713f44d0, 0x0000021a713ef7d0,
0x0000021a713eee30, 0x0000021a713ef300, 0x0000021a713f5340, 0x0000021a713efca0,
0x0000021a713f5810, 0x0000021a713f3b30, 0x0000021a713f0640, 0x0000021a713f2320,
0x0000021a713f2cc0, 0x0000021a713f0b10, 0x0000021a713edfc0, 0x0000021a713ee490,
0x0000021a713f3190, 0x0000021a713f0fe0, 0x0000021a713f3660, 0x0000021a713f49a0,
0x0000021a713f4e70, 0x0000021a713ee960, 0x0000021a713f27f0, 0x0000021a713f14b0,
0x0000021a713f1980, 0x0000021a713f1e50, 0x0000021a76280480, 0x0000021a762812f0,
0x0000021a76280950, 0x0000021a76280e20, 0x0000021a76282630, 0x0000021a76282b00,
0x0000021a76282fd0, 0x0000021a762817c0, 0x0000021a7627ffb0, 0x0000021a76281c90,
0x0000021a76282160, 0x0000021a7627f610, 0x0000021a7627fae0, 0x0000021a73d93a20,
0x0000021a73d93ef0, 0x0000021a73d91870, 0x0000021a73d92210, 0x0000021a73d90ed0,
0x0000021a73d960a0, 0x0000021a73d926e0, 0x0000021a73d943c0, 0x0000021a73d95bd0,
0x0000021a73d91d40, 0x0000021a73d94890, 0x0000021a73d913a0, 0x0000021a73d90a00,
0x0000021a73d94d60, 0x0000021a73d95230, 0x0000021a73d90530, 0x0000021a73d92bb0,
0x0000021a73d93080, 0x0000021a73d93550, 0x0000021a73d8ed20, 0x0000021a73d8f1f0,
0x0000021a76071af0, 0x0000021a759f5a70, 0x0000021a759ef560, 0x0000021a759f4c00,
0x0000021a759f1710, 0x0000021a759f50d0, 0x0000021a759f5f40, 0x0000021a759f6410,
0x0000021a759f08a0, 0x0000021a759f55a0, 0x0000021a759ef090, 0x0000021a759f03d0,
0x0000021a759f4260, 0x0000021a73d90060, 0x0000021a760a09b0, 0x0000021a7609ae40,
0x0000021a73ffa310, 0x0000021a76099fd0, 0x0000021a7609f1a0, 0x0000021a7609c650,
0x0000021a7609fb40, 0x0000021a7609f670, 0x0000021a7609a4a0, 0x0000021a7609b310,
0x0000021a7609b7e0
}

Java Threads: ( => current thread )
  0x0000021a566ba920 JavaThread "main" [_thread_blocked, id=13744, stack(0x0000007581900000,0x0000007581a00000)]
  0x0000021a70522020 JavaThread "Reference Handler" daemon [_thread_blocked, id=8716, stack(0x0000007582000000,0x0000007582100000)]
  0x0000021a704de270 JavaThread "Finalizer" daemon [_thread_blocked, id=14060, stack(0x0000007582100000,0x0000007582200000)]
  0x0000021a704fb010 JavaThread "Signal Dispatcher" daemon [_thread_blocked, id=15992, stack(0x0000007582200000,0x0000007582300000)]
  0x0000021a704fb8d0 JavaThread "Attach Listener" daemon [_thread_blocked, id=2164, stack(0x0000007582300000,0x0000007582400000)]
  0x0000021a704fc380 JavaThread "Service Thread" daemon [_thread_blocked, id=6988, stack(0x0000007582400000,0x0000007582500000)]
  0x0000021a704fcd30 JavaThread "Monitor Deflation Thread" daemon [_thread_blocked, id=15776, stack(0x0000007582500000,0x0000007582600000)]
  0x0000021a71037530 JavaThread "C2 CompilerThread0" daemon [_thread_blocked, id=796, stack(0x0000007582600000,0x0000007582700000)]
  0x0000021a71037ee0 JavaThread "C1 CompilerThread0" daemon [_thread_blocked, id=2820, stack(0x0000007582700000,0x0000007582800000)]
  0x0000021a710388d0 JavaThread "Sweeper thread" daemon [_thread_blocked, id=16452, stack(0x0000007582800000,0x0000007582900000)]
  0x0000021a711d61f0 JavaThread "Common-Cleaner" daemon [_thread_blocked, id=5336, stack(0x0000007582900000,0x0000007582a00000)]
  0x0000021a711e6b60 JavaThread "Notification Thread" daemon [_thread_blocked, id=3640, stack(0x0000007582a00000,0x0000007582b00000)]
  0x0000021a726d4de0 JavaThread "Daemon health stats" [_thread_blocked, id=14416, stack(0x0000007583000000,0x0000007583100000)]
  0x0000021a7131ecf0 JavaThread "Incoming local TCP Connector on port 6299" [_thread_in_native, id=3196, stack(0x0000007583100000,0x0000007583200000)]
  0x0000021a72b9b040 JavaThread "Daemon periodic checks" [_thread_blocked, id=3948, stack(0x0000007583200000,0x0000007583300000)]
  0x0000021a723063f0 JavaThread "Daemon" [_thread_blocked, id=8116, stack(0x0000007583300000,0x0000007583400000)]
  0x0000021a71bdffe0 JavaThread "Handler for socket connection from /127.0.0.1:6299 to /127.0.0.1:6300" [_thread_in_native, id=13696, stack(0x0000007583400000,0x0000007583500000)]
  0x0000021a71be04b0 JavaThread "Cancel handler" [_thread_blocked, id=16168, stack(0x0000007583500000,0x0000007583600000)]
  0x0000021a72b002e0 JavaThread "Daemon worker" [_thread_blocked, id=7752, stack(0x0000007583600000,0x0000007583700000)]
  0x0000021a71d400f0 JavaThread "Asynchronous log dispatcher for DefaultDaemonConnection: socket connection from /127.0.0.1:6299 to /127.0.0.1:6300" [_thread_blocked, id=3928, stack(0x0000007583700000,0x0000007583800000)]
  0x0000021a712aad00 JavaThread "Stdin handler" [_thread_blocked, id=4504, stack(0x0000007583800000,0x0000007583900000)]
  0x0000021a712aa830 JavaThread "Daemon client event forwarder" [_thread_blocked, id=2720, stack(0x0000007583900000,0x0000007583a00000)]
  0x0000021a712a9e90 JavaThread "Cache worker for journal cache (C:\Users\princ\.gradle\caches\journal-1)" [_thread_blocked, id=15904, stack(0x0000007583e00000,0x0000007583f00000)]
  0x0000021a712aa360 JavaThread "File lock request listener" [_thread_in_native, id=15540, stack(0x0000007583f00000,0x0000007584000000)]
  0x0000021a712a9020 JavaThread "Cache worker for file hash cache (C:\Users\princ\.gradle\caches\8.0\fileHashes)" [_thread_blocked, id=3660, stack(0x0000007584100000,0x0000007584200000)]
  0x0000021a712a7340 JavaThread "File watcher server" daemon [_thread_blocked, id=17692, stack(0x0000007584200000,0x0000007584300000)]
  0x0000021a712a8b50 JavaThread "File watcher consumer" daemon [_thread_blocked, id=15068, stack(0x0000007584300000,0x0000007584400000)]
  0x0000021a712a7810 JavaThread "Cache worker for checksums cache (D:\(02) Mobile Dev\Android\TodoList\.gradle\8.0\checksums)" [_thread_blocked, id=16976, stack(0x0000007584400000,0x0000007584500000)]
  0x0000021a712a7ce0 JavaThread "Cache worker for cache directory md-rule (C:\Users\princ\.gradle\caches\8.0\md-rule)" [_thread_blocked, id=4172, stack(0x0000007584500000,0x0000007584600000)]
  0x0000021a712a94f0 JavaThread "Cache worker for file content cache (C:\Users\princ\.gradle\caches\8.0\fileContent)" [_thread_blocked, id=2500, stack(0x0000007584600000,0x0000007584700000)]
  0x0000021a712a8680 JavaThread "Cache worker for file hash cache (D:\(02) Mobile Dev\Android\TodoList\.gradle\8.0\fileHashes)" [_thread_blocked, id=2848, stack(0x0000007584700000,0x0000007584800000)]
  0x0000021a712a99c0 JavaThread "Cache worker for cache directory md-supplier (C:\Users\princ\.gradle\caches\8.0\md-supplier)" [_thread_blocked, id=12812, stack(0x0000007584000000,0x0000007584100000)]
  0x0000021a7606f940 JavaThread "Cache worker for execution history cache (C:\Users\princ\.gradle\caches\8.0\executionHistory)" [_thread_blocked, id=17900, stack(0x0000007584800000,0x0000007584900000)]
  0x0000021a7606fe10 JavaThread "jar transforms" [_thread_blocked, id=13140, stack(0x0000007584a00000,0x0000007584b00000)]
  0x0000021a760702e0 JavaThread "jar transforms Thread 2" [_thread_blocked, id=7904, stack(0x0000007584b00000,0x0000007584c00000)]
  0x0000021a760707b0 JavaThread "jar transforms Thread 3" [_thread_blocked, id=1372, stack(0x0000007584c00000,0x0000007584d00000)]
  0x0000021a76072490 JavaThread "jar transforms Thread 4" [_thread_blocked, id=15900, stack(0x0000007584d00000,0x0000007584e00000)]
  0x0000021a76071620 JavaThread "Cache worker for dependencies-accessors (D:\(02) Mobile Dev\Android\TodoList\.gradle\8.0\dependencies-accessors)" [_thread_blocked, id=17592, stack(0x0000007584e00000,0x0000007584f00000)]
  0x0000021a7606ead0 JavaThread "jar transforms Thread 5" [_thread_blocked, id=6472, stack(0x0000007584f00000,0x0000007585000000)]
  0x0000021a773a5fc0 JavaThread "Cache worker for Build Output Cleanup Cache (D:\(02) Mobile Dev\Android\TodoList\.gradle\buildOutputCleanup)" [_thread_blocked, id=15836, stack(0x0000007585000000,0x0000007585100000)]
  0x0000021a773a7300 JavaThread "Unconstrained build operations" [_thread_blocked, id=15080, stack(0x0000007585100000,0x0000007585200000)]
  0x0000021a773aa320 JavaThread "Unconstrained build operations Thread 2" [_thread_blocked, id=10936, stack(0x0000007585200000,0x0000007585300000)]
  0x0000021a773a77d0 JavaThread "Unconstrained build operations Thread 3" [_thread_blocked, id=17744, stack(0x0000007585300000,0x0000007585400000)]
  0x0000021a773ad340 JavaThread "Unconstrained build operations Thread 4" [_thread_blocked, id=9248, stack(0x0000007585400000,0x0000007585500000)]
  0x0000021a773a8640 JavaThread "Unconstrained build operations Thread 5" [_thread_blocked, id=14128, stack(0x0000007585500000,0x0000007585600000)]
  0x0000021a773a6490 JavaThread "Unconstrained build operations Thread 6" [_thread_blocked, id=13048, stack(0x0000007585600000,0x0000007585700000)]
  0x0000021a773a7ca0 JavaThread "Unconstrained build operations Thread 7" [_thread_blocked, id=15852, stack(0x0000007585700000,0x0000007585800000)]
  0x0000021a773a6960 JavaThread "Unconstrained build operations Thread 8" [_thread_blocked, id=15732, stack(0x0000007585800000,0x0000007585900000)]
  0x0000021a773a94b0 JavaThread "Unconstrained build operations Thread 9" [_thread_blocked, id=10964, stack(0x0000007585900000,0x0000007585a00000)]
  0x0000021a773ace70 JavaThread "Unconstrained build operations Thread 10" [_thread_blocked, id=9168, stack(0x0000007585a00000,0x0000007585b00000)]
  0x0000021a773a8170 JavaThread "Unconstrained build operations Thread 11" [_thread_blocked, id=7528, stack(0x0000007585b00000,0x0000007585c00000)]
  0x0000021a773a6e30 JavaThread "Unconstrained build operations Thread 12" [_thread_blocked, id=14096, stack(0x0000007585c00000,0x0000007585d00000)]
  0x0000021a773a8b10 JavaThread "Unconstrained build operations Thread 13" [_thread_blocked, id=3600, stack(0x0000007585d00000,0x0000007585e00000)]
  0x0000021a773a9980 JavaThread "Unconstrained build operations Thread 14" [_thread_blocked, id=13484, stack(0x0000007585e00000,0x0000007585f00000)]
  0x0000021a773a9e50 JavaThread "Unconstrained build operations Thread 15" [_thread_blocked, id=17472, stack(0x0000007585f00000,0x0000007586000000)]
  0x0000021a773abb30 JavaThread "Unconstrained build operations Thread 16" [_thread_blocked, id=17144, stack(0x0000007586000000,0x0000007586100000)]
  0x0000021a773aa7f0 JavaThread "Unconstrained build operations Thread 17" [_thread_blocked, id=17684, stack(0x0000007586100000,0x0000007586200000)]
  0x0000021a773ab190 JavaThread "Unconstrained build operations Thread 18" [_thread_blocked, id=9004, stack(0x0000007586200000,0x0000007586300000)]
  0x0000021a773ab660 JavaThread "Unconstrained build operations Thread 19" [_thread_blocked, id=7652, stack(0x0000007586300000,0x0000007586400000)]
  0x0000021a773aacc0 JavaThread "Unconstrained build operations Thread 20" [_thread_blocked, id=2080, stack(0x0000007586400000,0x0000007586500000)]
  0x0000021a773ac000 JavaThread "Unconstrained build operations Thread 21" [_thread_blocked, id=15404, stack(0x0000007586500000,0x0000007586600000)]
  0x0000021a773ac4d0 JavaThread "Unconstrained build operations Thread 22" [_thread_blocked, id=4364, stack(0x0000007586600000,0x0000007586700000)]
  0x0000021a773ac9a0 JavaThread "Unconstrained build operations Thread 23" [_thread_blocked, id=13736, stack(0x0000007586700000,0x0000007586800000)]
  0x0000021a773a5af0 JavaThread "Unconstrained build operations Thread 24" [_thread_blocked, id=17560, stack(0x0000007586800000,0x0000007586900000)]
  0x0000021a713f0170 JavaThread "Unconstrained build operations Thread 25" [_thread_blocked, id=13492, stack(0x0000007586900000,0x0000007586a00000)]
  0x0000021a713f4000 JavaThread "Unconstrained build operations Thread 26" [_thread_blocked, id=5612, stack(0x0000007586a00000,0x0000007586b00000)]
  0x0000021a713f44d0 JavaThread "Unconstrained build operations Thread 27" [_thread_blocked, id=13072, stack(0x0000007586b00000,0x0000007586c00000)]
  0x0000021a713ef7d0 JavaThread "Unconstrained build operations Thread 28" [_thread_blocked, id=16020, stack(0x0000007586c00000,0x0000007586d00000)]
  0x0000021a713eee30 JavaThread "Unconstrained build operations Thread 29" [_thread_blocked, id=10512, stack(0x0000007586d00000,0x0000007586e00000)]
  0x0000021a713ef300 JavaThread "Unconstrained build operations Thread 30" [_thread_blocked, id=1276, stack(0x0000007586e00000,0x0000007586f00000)]
  0x0000021a713f5340 JavaThread "Unconstrained build operations Thread 31" [_thread_blocked, id=16056, stack(0x0000007586f00000,0x0000007587000000)]
  0x0000021a713efca0 JavaThread "Unconstrained build operations Thread 32" [_thread_blocked, id=5020, stack(0x0000007587000000,0x0000007587100000)]
  0x0000021a713f5810 JavaThread "Unconstrained build operations Thread 33" [_thread_blocked, id=7612, stack(0x0000007587100000,0x0000007587200000)]
  0x0000021a713f3b30 JavaThread "Unconstrained build operations Thread 34" [_thread_blocked, id=15580, stack(0x0000007587200000,0x0000007587300000)]
  0x0000021a713f0640 JavaThread "Unconstrained build operations Thread 35" [_thread_blocked, id=7324, stack(0x0000007587300000,0x0000007587400000)]
  0x0000021a713f2320 JavaThread "Unconstrained build operations Thread 36" [_thread_blocked, id=17124, stack(0x0000007587400000,0x0000007587500000)]
  0x0000021a713f2cc0 JavaThread "Unconstrained build operations Thread 37" [_thread_blocked, id=9944, stack(0x0000007587500000,0x0000007587600000)]
  0x0000021a713f0b10 JavaThread "Unconstrained build operations Thread 38" [_thread_blocked, id=1208, stack(0x0000007587600000,0x0000007587700000)]
  0x0000021a713edfc0 JavaThread "Unconstrained build operations Thread 39" [_thread_blocked, id=13752, stack(0x0000007587700000,0x0000007587800000)]
  0x0000021a713ee490 JavaThread "Unconstrained build operations Thread 40" [_thread_blocked, id=4992, stack(0x0000007587800000,0x0000007587900000)]
  0x0000021a713f3190 JavaThread "Unconstrained build operations Thread 41" [_thread_blocked, id=15468, stack(0x0000007587900000,0x0000007587a00000)]
  0x0000021a713f0fe0 JavaThread "Unconstrained build operations Thread 42" [_thread_blocked, id=704, stack(0x0000007587a00000,0x0000007587b00000)]
  0x0000021a713f3660 JavaThread "Unconstrained build operations Thread 43" [_thread_blocked, id=13252, stack(0x0000007587b00000,0x0000007587c00000)]
  0x0000021a713f49a0 JavaThread "Unconstrained build operations Thread 44" [_thread_blocked, id=12148, stack(0x0000007587c00000,0x0000007587d00000)]
  0x0000021a713f4e70 JavaThread "Unconstrained build operations Thread 45" [_thread_blocked, id=17308, stack(0x0000007587d00000,0x0000007587e00000)]
  0x0000021a713ee960 JavaThread "Unconstrained build operations Thread 46" [_thread_blocked, id=1380, stack(0x0000007587e00000,0x0000007587f00000)]
  0x0000021a713f27f0 JavaThread "Unconstrained build operations Thread 47" [_thread_blocked, id=13324, stack(0x0000007587f00000,0x0000007588000000)]
  0x0000021a713f14b0 JavaThread "Unconstrained build operations Thread 48" [_thread_blocked, id=2324, stack(0x0000007588000000,0x0000007588100000)]
  0x0000021a713f1980 JavaThread "Unconstrained build operations Thread 49" [_thread_blocked, id=17628, stack(0x0000007588100000,0x0000007588200000)]
  0x0000021a713f1e50 JavaThread "Unconstrained build operations Thread 50" [_thread_blocked, id=16364, stack(0x0000007588200000,0x0000007588300000)]
  0x0000021a76280480 JavaThread "Unconstrained build operations Thread 51" [_thread_blocked, id=11532, stack(0x0000007588300000,0x0000007588400000)]
  0x0000021a762812f0 JavaThread "Unconstrained build operations Thread 52" [_thread_blocked, id=9984, stack(0x0000007588400000,0x0000007588500000)]
  0x0000021a76280950 JavaThread "Unconstrained build operations Thread 53" [_thread_blocked, id=132, stack(0x0000007588500000,0x0000007588600000)]
  0x0000021a76280e20 JavaThread "Unconstrained build operations Thread 54" [_thread_blocked, id=10188, stack(0x0000007588600000,0x0000007588700000)]
  0x0000021a76282630 JavaThread "Unconstrained build operations Thread 55" [_thread_blocked, id=10656, stack(0x0000007588700000,0x0000007588800000)]
  0x0000021a76282b00 JavaThread "Unconstrained build operations Thread 56" [_thread_blocked, id=4628, stack(0x0000007588800000,0x0000007588900000)]
  0x0000021a76282fd0 JavaThread "Unconstrained build operations Thread 57" [_thread_blocked, id=17424, stack(0x0000007588900000,0x0000007588a00000)]
  0x0000021a762817c0 JavaThread "Unconstrained build operations Thread 58" [_thread_blocked, id=8432, stack(0x0000007588a00000,0x0000007588b00000)]
  0x0000021a7627ffb0 JavaThread "Unconstrained build operations Thread 59" [_thread_blocked, id=6100, stack(0x0000007588b00000,0x0000007588c00000)]
  0x0000021a76281c90 JavaThread "Unconstrained build operations Thread 60" [_thread_blocked, id=3260, stack(0x0000007588c00000,0x0000007588d00000)]
  0x0000021a76282160 JavaThread "Unconstrained build operations Thread 61" [_thread_blocked, id=3456, stack(0x0000007588d00000,0x0000007588e00000)]
  0x0000021a7627f610 JavaThread "Unconstrained build operations Thread 62" [_thread_blocked, id=18204, stack(0x0000007588e00000,0x0000007588f00000)]
  0x0000021a7627fae0 JavaThread "Unconstrained build operations Thread 63" [_thread_blocked, id=8276, stack(0x0000007588f00000,0x0000007589000000)]
  0x0000021a73d93a20 JavaThread "Unconstrained build operations Thread 64" [_thread_blocked, id=15868, stack(0x0000007589000000,0x0000007589100000)]
  0x0000021a73d93ef0 JavaThread "Unconstrained build operations Thread 65" [_thread_blocked, id=16704, stack(0x0000007589100000,0x0000007589200000)]
  0x0000021a73d91870 JavaThread "Unconstrained build operations Thread 66" [_thread_blocked, id=17000, stack(0x0000007589200000,0x0000007589300000)]
  0x0000021a73d92210 JavaThread "Unconstrained build operations Thread 67" [_thread_blocked, id=13820, stack(0x0000007589300000,0x0000007589400000)]
  0x0000021a73d90ed0 JavaThread "Unconstrained build operations Thread 68" [_thread_blocked, id=6260, stack(0x0000007589400000,0x0000007589500000)]
  0x0000021a73d960a0 JavaThread "Unconstrained build operations Thread 69" [_thread_blocked, id=3004, stack(0x0000007589500000,0x0000007589600000)]
  0x0000021a73d926e0 JavaThread "Unconstrained build operations Thread 70" [_thread_blocked, id=10816, stack(0x0000007589600000,0x0000007589700000)]
  0x0000021a73d943c0 JavaThread "Unconstrained build operations Thread 71" [_thread_blocked, id=3924, stack(0x0000007589700000,0x0000007589800000)]
  0x0000021a73d95bd0 JavaThread "Unconstrained build operations Thread 72" [_thread_blocked, id=9432, stack(0x0000007589800000,0x0000007589900000)]
  0x0000021a73d91d40 JavaThread "Unconstrained build operations Thread 73" [_thread_blocked, id=17620, stack(0x0000007589900000,0x0000007589a00000)]
  0x0000021a73d94890 JavaThread "Unconstrained build operations Thread 74" [_thread_blocked, id=11792, stack(0x0000007589a00000,0x0000007589b00000)]
  0x0000021a73d913a0 JavaThread "Unconstrained build operations Thread 75" [_thread_blocked, id=17476, stack(0x0000007589b00000,0x0000007589c00000)]
  0x0000021a73d90a00 JavaThread "Unconstrained build operations Thread 76" [_thread_blocked, id=4612, stack(0x0000007589c00000,0x0000007589d00000)]
  0x0000021a73d94d60 JavaThread "Unconstrained build operations Thread 77" [_thread_blocked, id=13112, stack(0x0000007589d00000,0x0000007589e00000)]
  0x0000021a73d95230 JavaThread "Unconstrained build operations Thread 78" [_thread_blocked, id=4004, stack(0x0000007589e00000,0x0000007589f00000)]
  0x0000021a73d90530 JavaThread "Unconstrained build operations Thread 79" [_thread_blocked, id=9492, stack(0x0000007589f00000,0x000000758a000000)]
  0x0000021a73d92bb0 JavaThread "Unconstrained build operations Thread 80" [_thread_blocked, id=14984, stack(0x000000758a000000,0x000000758a100000)]
  0x0000021a73d93080 JavaThread "jar transforms Thread 6" [_thread_blocked, id=11980, stack(0x000000758a400000,0x000000758a500000)]
  0x0000021a73d93550 JavaThread "jar transforms Thread 7" [_thread_blocked, id=15284, stack(0x000000758a500000,0x000000758a600000)]
  0x0000021a73d8ed20 JavaThread "jar transforms Thread 8" [_thread_blocked, id=5236, stack(0x000000758a600000,0x000000758a700000)]
  0x0000021a73d8f1f0 JavaThread "Memory manager" [_thread_blocked, id=7996, stack(0x000000758a800000,0x000000758a900000)]
  0x0000021a76071af0 JavaThread "pool-3-thread-1" [_thread_blocked, id=14216, stack(0x000000758a900000,0x000000758aa00000)]
  0x0000021a759f5a70 JavaThread "included builds" [_thread_blocked, id=2588, stack(0x000000758ab00000,0x000000758ac00000)]
  0x0000021a759ef560 JavaThread "Execution worker" [_thread_blocked, id=5476, stack(0x000000758ac00000,0x000000758ad00000)]
  0x0000021a759f4c00 JavaThread "Execution worker Thread 2" [_thread_blocked, id=14924, stack(0x000000758ad00000,0x000000758ae00000)]
  0x0000021a759f1710 JavaThread "Execution worker Thread 3" [_thread_blocked, id=6288, stack(0x000000758ae00000,0x000000758af00000)]
  0x0000021a759f50d0 JavaThread "Execution worker Thread 4" [_thread_blocked, id=4784, stack(0x000000758af00000,0x000000758b000000)]
  0x0000021a759f5f40 JavaThread "Execution worker Thread 5" [_thread_blocked, id=15660, stack(0x000000758b000000,0x000000758b100000)]
  0x0000021a759f6410 JavaThread "Execution worker Thread 6" [_thread_blocked, id=15964, stack(0x000000758b100000,0x000000758b200000)]
  0x0000021a759f08a0 JavaThread "Execution worker Thread 7" [_thread_blocked, id=2304, stack(0x000000758b200000,0x000000758b300000)]
  0x0000021a759f55a0 JavaThread "Cache worker for execution history cache (D:\(02) Mobile Dev\Android\TodoList\.gradle\8.0\executionHistory)" [_thread_blocked, id=17388, stack(0x000000758b300000,0x000000758b400000)]
  0x0000021a759ef090 JavaThread "WorkerExecutor Queue" [_thread_blocked, id=11732, stack(0x000000758b700000,0x000000758b800000)]
  0x0000021a759f03d0 JavaThread "WorkerExecutor Queue Thread 2" [_thread_blocked, id=9788, stack(0x000000758b800000,0x000000758b900000)]
  0x0000021a759f4260 JavaThread "WorkerExecutor Queue Thread 3" [_thread_blocked, id=1260, stack(0x000000758b900000,0x000000758ba00000)]
  0x0000021a73d90060 JavaThread "pool-4-thread-1" [_thread_blocked, id=2284, stack(0x000000758ba00000,0x000000758bb00000)]
  0x0000021a760a09b0 JavaThread "stderr" [_thread_in_native, id=2332, stack(0x000000758bb00000,0x000000758bc00000)]
  0x0000021a7609ae40 JavaThread "stdout" [_thread_in_native, id=10980, stack(0x000000758bc00000,0x000000758bd00000)]
  0x0000021a73ffa310 JavaThread "C2 CompilerThread1" daemon [_thread_blocked, id=18128, stack(0x0000007581700000,0x0000007581800000)]
  0x0000021a76099fd0 JavaThread "WorkerExecutor Queue Thread 4" [_thread_blocked, id=14772, stack(0x0000007581800000,0x0000007581900000)]
  0x0000021a7609f1a0 JavaThread "ForkJoinPool.commonPool-worker-1" daemon [_thread_blocked, id=14168, stack(0x000000758bd00000,0x000000758be00000)]
  0x0000021a7609c650 JavaThread "ForkJoinPool.commonPool-worker-2" daemon [_thread_blocked, id=14808, stack(0x000000758be00000,0x000000758bf00000)]
  0x0000021a7609fb40 JavaThread "ForkJoinPool.commonPool-worker-3" daemon [_thread_blocked, id=4652, stack(0x000000758bf00000,0x000000758c000000)]
  0x0000021a7609f670 JavaThread "ForkJoinPool.commonPool-worker-4" daemon [_thread_blocked, id=2192, stack(0x000000758c000000,0x000000758c100000)]
  0x0000021a7609a4a0 JavaThread "ForkJoinPool.commonPool-worker-5" daemon [_thread_blocked, id=18308, stack(0x000000758c100000,0x000000758c200000)]
  0x0000021a7609b310 JavaThread "ForkJoinPool.commonPool-worker-6" daemon [_thread_blocked, id=5632, stack(0x000000758c200000,0x000000758c300000)]
  0x0000021a7609b7e0 JavaThread "ForkJoinPool.commonPool-worker-7" daemon [_thread_blocked, id=12044, stack(0x000000758c300000,0x000000758c400000)]

Other Threads:
=>0x0000021a7050fc60 VMThread "VM Thread" [stack: 0x0000007581f00000,0x0000007582000000] [id=4572]
  0x0000021a56741450 WatcherThread [stack: 0x0000007582b00000,0x0000007582c00000] [id=11540]
  0x0000021a56717ab0 GCTaskThread "GC Thread#0" [stack: 0x0000007581a00000,0x0000007581b00000] [id=6200]
  0x0000021a71de1ea0 GCTaskThread "GC Thread#1" [stack: 0x0000007582c00000,0x0000007582d00000] [id=3688]
  0x0000021a71c3b2d0 GCTaskThread "GC Thread#2" [stack: 0x0000007582d00000,0x0000007582e00000] [id=2232]
  0x0000021a719eab80 GCTaskThread "GC Thread#3" [stack: 0x0000007582e00000,0x0000007582f00000] [id=17016]
  0x0000021a72551690 GCTaskThread "GC Thread#4" [stack: 0x0000007582f00000,0x0000007583000000] [id=12720]
  0x0000021a736db820 GCTaskThread "GC Thread#5" [stack: 0x0000007583a00000,0x0000007583b00000] [id=12960]
  0x0000021a71f53540 GCTaskThread "GC Thread#6" [stack: 0x0000007583b00000,0x0000007583c00000] [id=12816]
  0x0000021a71f4faa0 GCTaskThread "GC Thread#7" [stack: 0x0000007583c00000,0x0000007583d00000] [id=5100]
  0x0000021a567289f0 ConcurrentGCThread "G1 Main Marker" [stack: 0x0000007581b00000,0x0000007581c00000] [id=9072]
  0x0000021a56729ba0 ConcurrentGCThread "G1 Conc#0" [stack: 0x0000007581c00000,0x0000007581d00000] [id=9352]
  0x0000021a72698540 ConcurrentGCThread "G1 Conc#1" [stack: 0x0000007583d00000,0x0000007583e00000] [id=7036]
  0x0000021a703504a0 ConcurrentGCThread "G1 Refine#0" [stack: 0x0000007581d00000,0x0000007581e00000] [id=9056]
  0x0000021a72711060 ConcurrentGCThread "G1 Refine#1" [stack: 0x000000758a100000,0x000000758a200000] [id=10020]
  0x0000021a72711be0 ConcurrentGCThread "G1 Refine#2" [stack: 0x000000758a200000,0x000000758a300000] [id=6272]
  0x0000021a72712a40 ConcurrentGCThread "G1 Refine#3" [stack: 0x000000758a300000,0x000000758a400000] [id=7076]
  0x0000021a78f4ede0 ConcurrentGCThread "G1 Refine#4" [stack: 0x0000007584900000,0x0000007584a00000] [id=17008]
  0x0000021a78f4df80 ConcurrentGCThread "G1 Refine#5" [stack: 0x000000758b400000,0x000000758b500000] [id=15340]
  0x0000021a70350ec0 ConcurrentGCThread "G1 Service" [stack: 0x0000007581e00000,0x0000007581f00000] [id=15812]

Threads with active compile tasks:
C2 CompilerThread0    63507 16451       4       java.util.LinkedHashMap::keysToArray (38 bytes)
C1 CompilerThread0    63507 16456       3       jdk.internal.org.objectweb.asm.Type::appendDescriptor (185 bytes)
C2 CompilerThread1    63508 16431   !   4       java.io.ObjectOutputStream::writeObject0 (620 bytes)

VM state: at safepoint (normal execution)

VM Mutex/Monitor currently owned by a thread:  ([mutex/lock_event])
[0x0000021a566b6ba0] Threads_lock - owner thread: 0x0000021a7050fc60
[0x0000021a566b5490] Heap_lock - owner thread: 0x0000021a567289f0

Heap address: 0x0000000080000000, size: 2048 MB, Compressed Oops mode: 32-bit

CDS archive(s) not mapped
Compressed class space mapped at: 0x0000000100000000-0x0000000140000000, reserved size: 1073741824
Narrow klass base: 0x0000000000000000, Narrow klass shift: 3, Narrow klass range: 0x140000000

GC Precious Log:
 CPUs: 8 total, 8 available
 Memory: 6081M
 Large Page Support: Disabled
 NUMA Support: Disabled
 Compressed Oops: Enabled (32-bit)
 Heap Region Size: 1M
 Heap Min Capacity: 8M
 Heap Initial Capacity: 96M
 Heap Max Capacity: 2G
 Pre-touch: Disabled
 Parallel Workers: 8
 Concurrent Workers: 2
 Concurrent Refinement Workers: 8
 Periodic GC: Disabled

Heap:
 garbage-first heap   total 253952K, used 198211K [0x0000000080000000, 0x0000000100000000)
  region size 1024K, 5 young (5120K), 1 survivors (1024K)
 Metaspace       used 113147K, committed 113792K, reserved 1155072K
  class space    used 14834K, committed 15168K, reserved 1048576K

Heap Regions: E=young(eden), S=young(survivor), O=old, HS=humongous(starts), HC=humongous(continues), CS=collection set, F=free, OA=open archive, CA=closed archive, TAMS=top-at-mark-start (previous, next)
|   0|0x0000000080000000, 0x0000000080100000, 0x0000000080100000|100%|HS|  |TAMS 0x0000000080100000, 0x0000000080000000| Complete 
|   1|0x0000000080100000, 0x0000000080200000, 0x0000000080200000|100%|HC|  |TAMS 0x0000000080200000, 0x0000000080100000| Complete 
|   2|0x0000000080200000, 0x0000000080300000, 0x0000000080300000|100%|HC|  |TAMS 0x0000000080300000, 0x0000000080200000| Complete 
|   3|0x0000000080300000, 0x0000000080400000, 0x0000000080400000|100%|HC|  |TAMS 0x0000000080400000, 0x0000000080300000| Complete 
|   4|0x0000000080400000, 0x0000000080500000, 0x0000000080500000|100%| O|  |TAMS 0x0000000080500000, 0x0000000080400000| Updating 
|   5|0x0000000080500000, 0x0000000080600000, 0x0000000080600000|100%| O|  |TAMS 0x0000000080600000, 0x0000000080500000| Untracked 
|   6|0x0000000080600000, 0x0000000080700000, 0x0000000080700000|100%| O|  |TAMS 0x0000000080700000, 0x0000000080600000| Untracked 
|   7|0x0000000080700000, 0x0000000080800000, 0x0000000080800000|100%| O|  |TAMS 0x0000000080800000, 0x0000000080700000| Untracked 
|   8|0x0000000080800000, 0x0000000080900000, 0x0000000080900000|100%| O|  |TAMS 0x0000000080900000, 0x0000000080800000| Untracked 
|   9|0x0000000080900000, 0x0000000080a00000, 0x0000000080a00000|100%| O|  |TAMS 0x0000000080a00000, 0x0000000080900000| Updating 
|  10|0x0000000080a00000, 0x0000000080b00000, 0x0000000080b00000|100%| O|  |TAMS 0x0000000080b00000, 0x0000000080a00000| Untracked 
|  11|0x0000000080b00000, 0x0000000080c00000, 0x0000000080c00000|100%| O|  |TAMS 0x0000000080c00000, 0x0000000080b00000| Untracked 
|  12|0x0000000080c00000, 0x0000000080d00000, 0x0000000080d00000|100%| O|  |TAMS 0x0000000080d00000, 0x0000000080c00000| Updating 
|  13|0x0000000080d00000, 0x0000000080e00000, 0x0000000080e00000|100%| O|  |TAMS 0x0000000080e00000, 0x0000000080d00000| Untracked 
|  14|0x0000000080e00000, 0x0000000080f00000, 0x0000000080f00000|100%| O|  |TAMS 0x0000000080f00000, 0x0000000080e00000| Untracked 
|  15|0x0000000080f00000, 0x0000000081000000, 0x0000000081000000|100%| O|  |TAMS 0x0000000081000000, 0x0000000080f00000| Untracked 
|  16|0x0000000081000000, 0x0000000081100000, 0x0000000081100000|100%| O|  |TAMS 0x0000000081100000, 0x0000000081000000| Untracked 
|  17|0x0000000081100000, 0x0000000081200000, 0x0000000081200000|100%| O|  |TAMS 0x0000000081200000, 0x0000000081100000| Untracked 
|  18|0x0000000081200000, 0x0000000081300000, 0x0000000081300000|100%| O|  |TAMS 0x0000000081300000, 0x0000000081200000| Untracked 
|  19|0x0000000081300000, 0x0000000081400000, 0x0000000081400000|100%| O|  |TAMS 0x0000000081400000, 0x0000000081300000| Untracked 
|  20|0x0000000081400000, 0x0000000081500000, 0x0000000081500000|100%| O|  |TAMS 0x0000000081500000, 0x0000000081400000| Updating 
|  21|0x0000000081500000, 0x0000000081600000, 0x0000000081600000|100%| O|  |TAMS 0x0000000081600000, 0x0000000081500000| Updating 
|  22|0x0000000081600000, 0x0000000081700000, 0x0000000081700000|100%| O|  |TAMS 0x0000000081700000, 0x0000000081600000| Untracked 
|  23|0x0000000081700000, 0x0000000081800000, 0x0000000081800000|100%| O|  |TAMS 0x0000000081800000, 0x0000000081700000| Untracked 
|  24|0x0000000081800000, 0x0000000081900000, 0x0000000081900000|100%| O|  |TAMS 0x0000000081900000, 0x0000000081800000| Untracked 
|  25|0x0000000081900000, 0x0000000081a00000, 0x0000000081a00000|100%| O|  |TAMS 0x0000000081a00000, 0x0000000081900000| Untracked 
|  26|0x0000000081a00000, 0x0000000081b00000, 0x0000000081b00000|100%| O|  |TAMS 0x0000000081b00000, 0x0000000081a00000| Untracked 
|  27|0x0000000081b00000, 0x0000000081c00000, 0x0000000081c00000|100%| O|  |TAMS 0x0000000081c00000, 0x0000000081b00000| Updating 
|  28|0x0000000081c00000, 0x0000000081d00000, 0x0000000081d00000|100%| O|  |TAMS 0x0000000081d00000, 0x0000000081c00000| Untracked 
|  29|0x0000000081d00000, 0x0000000081e00000, 0x0000000081e00000|100%| O|  |TAMS 0x0000000081e00000, 0x0000000081d00000| Untracked 
|  30|0x0000000081e00000, 0x0000000081f00000, 0x0000000081f00000|100%| O|  |TAMS 0x0000000081f00000, 0x0000000081e00000| Untracked 
|  31|0x0000000081f00000, 0x0000000082000000, 0x0000000082000000|100%| O|  |TAMS 0x0000000082000000, 0x0000000081f00000| Updating 
|  32|0x0000000082000000, 0x0000000082100000, 0x0000000082100000|100%| O|  |TAMS 0x0000000082100000, 0x0000000082000000| Untracked 
|  33|0x0000000082100000, 0x0000000082200000, 0x0000000082200000|100%| O|  |TAMS 0x0000000082200000, 0x0000000082100000| Updating 
|  34|0x0000000082200000, 0x0000000082300000, 0x0000000082300000|100%| O|  |TAMS 0x0000000082300000, 0x0000000082200000| Updating 
|  35|0x0000000082300000, 0x0000000082400000, 0x0000000082400000|100%| O|  |TAMS 0x0000000082400000, 0x0000000082300000| Untracked 
|  36|0x0000000082400000, 0x0000000082500000, 0x0000000082500000|100%| O|  |TAMS 0x0000000082500000, 0x0000000082400000| Untracked 
|  37|0x0000000082500000, 0x0000000082600000, 0x0000000082600000|100%|HS|  |TAMS 0x0000000082600000, 0x0000000082500000| Complete 
|  38|0x0000000082600000, 0x0000000082700000, 0x0000000082700000|100%| O|  |TAMS 0x0000000082700000, 0x0000000082600000| Untracked 
|  39|0x0000000082700000, 0x0000000082800000, 0x0000000082800000|100%| O|  |TAMS 0x0000000082800000, 0x0000000082700000| Updating 
|  40|0x0000000082800000, 0x0000000082900000, 0x0000000082900000|100%| O|  |TAMS 0x0000000082900000, 0x0000000082800000| Updating 
|  41|0x0000000082900000, 0x0000000082a00000, 0x0000000082a00000|100%|HS|  |TAMS 0x0000000082a00000, 0x0000000082900000| Complete 
|  42|0x0000000082a00000, 0x0000000082b00000, 0x0000000082b00000|100%|HS|  |TAMS 0x0000000082b00000, 0x0000000082a00000| Complete 
|  43|0x0000000082b00000, 0x0000000082c00000, 0x0000000082c00000|100%|HS|  |TAMS 0x0000000082c00000, 0x0000000082b00000| Complete 
|  44|0x0000000082c00000, 0x0000000082d00000, 0x0000000082d00000|100%|HS|  |TAMS 0x0000000082d00000, 0x0000000082c00000| Complete 
|  45|0x0000000082d00000, 0x0000000082e00000, 0x0000000082e00000|100%|HC|  |TAMS 0x0000000082e00000, 0x0000000082d00000| Complete 
|  46|0x0000000082e00000, 0x0000000082f00000, 0x0000000082f00000|100%|HC|  |TAMS 0x0000000082f00000, 0x0000000082e00000| Complete 
|  47|0x0000000082f00000, 0x0000000083000000, 0x0000000083000000|100%|HC|  |TAMS 0x0000000083000000, 0x0000000082f00000| Complete 
|  48|0x0000000083000000, 0x0000000083100000, 0x0000000083100000|100%| O|  |TAMS 0x0000000083100000, 0x0000000083000000| Untracked 
|  49|0x0000000083100000, 0x0000000083200000, 0x0000000083200000|100%| O|  |TAMS 0x0000000083200000, 0x0000000083100000| Updating 
|  50|0x0000000083200000, 0x0000000083300000, 0x0000000083300000|100%| O|  |TAMS 0x0000000083300000, 0x0000000083200000| Updating 
|  51|0x0000000083300000, 0x0000000083400000, 0x0000000083400000|100%| O|  |TAMS 0x0000000083400000, 0x0000000083300000| Untracked 
|  52|0x0000000083400000, 0x0000000083500000, 0x0000000083500000|100%| O|  |TAMS 0x0000000083500000, 0x0000000083400000| Updating 
|  53|0x0000000083500000, 0x0000000083600000, 0x0000000083600000|100%| O|  |TAMS 0x0000000083600000, 0x0000000083500000| Untracked 
|  54|0x0000000083600000, 0x0000000083700000, 0x0000000083700000|100%| O|  |TAMS 0x0000000083700000, 0x0000000083600000| Updating 
|  55|0x0000000083700000, 0x0000000083800000, 0x0000000083800000|100%| O|  |TAMS 0x0000000083800000, 0x0000000083700000| Untracked 
|  56|0x0000000083800000, 0x0000000083900000, 0x0000000083900000|100%| O|  |TAMS 0x0000000083900000, 0x0000000083800000| Untracked 
|  57|0x0000000083900000, 0x0000000083a00000, 0x0000000083a00000|100%| O|  |TAMS 0x0000000083a00000, 0x0000000083900000| Untracked 
|  58|0x0000000083a00000, 0x0000000083b00000, 0x0000000083b00000|100%| O|  |TAMS 0x0000000083b00000, 0x0000000083a00000| Untracked 
|  59|0x0000000083b00000, 0x0000000083c00000, 0x0000000083c00000|100%| O|  |TAMS 0x0000000083c00000, 0x0000000083b00000| Untracked 
|  60|0x0000000083c00000, 0x0000000083d00000, 0x0000000083d00000|100%| O|  |TAMS 0x0000000083d00000, 0x0000000083c00000| Updating 
|  61|0x0000000083d00000, 0x0000000083e00000, 0x0000000083e00000|100%| O|  |TAMS 0x0000000083e00000, 0x0000000083d00000| Untracked 
|  62|0x0000000083e00000, 0x0000000083f00000, 0x0000000083f00000|100%| O|  |TAMS 0x0000000083f00000, 0x0000000083e00000| Untracked 
|  63|0x0000000083f00000, 0x0000000084000000, 0x0000000084000000|100%| O|  |TAMS 0x0000000084000000, 0x0000000083f00000| Untracked 
|  64|0x0000000084000000, 0x0000000084100000, 0x0000000084100000|100%| O|  |TAMS 0x0000000084100000, 0x0000000084000000| Untracked 
|  65|0x0000000084100000, 0x0000000084200000, 0x0000000084200000|100%| O|  |TAMS 0x0000000084200000, 0x0000000084100000| Untracked 
|  66|0x0000000084200000, 0x0000000084300000, 0x0000000084300000|100%| O|  |TAMS 0x0000000084300000, 0x0000000084200000| Untracked 
|  67|0x0000000084300000, 0x0000000084400000, 0x0000000084400000|100%| O|  |TAMS 0x0000000084400000, 0x0000000084300000| Updating 
|  68|0x0000000084400000, 0x0000000084500000, 0x0000000084500000|100%| O|  |TAMS 0x0000000084500000, 0x0000000084400000| Untracked 
|  69|0x0000000084500000, 0x0000000084600000, 0x0000000084600000|100%| O|  |TAMS 0x0000000084600000, 0x0000000084500000| Untracked 
|  70|0x0000000084600000, 0x0000000084700000, 0x0000000084700000|100%| O|  |TAMS 0x0000000084700000, 0x0000000084600000| Untracked 
|  71|0x0000000084700000, 0x0000000084800000, 0x0000000084800000|100%| O|  |TAMS 0x0000000084800000, 0x0000000084700000| Untracked 
|  72|0x0000000084800000, 0x0000000084900000, 0x0000000084900000|100%| O|  |TAMS 0x0000000084900000, 0x0000000084800000| Untracked 
|  73|0x0000000084900000, 0x0000000084a00000, 0x0000000084a00000|100%| O|  |TAMS 0x0000000084a00000, 0x0000000084900000| Untracked 
|  74|0x0000000084a00000, 0x0000000084b00000, 0x0000000084b00000|100%| O|  |TAMS 0x0000000084b00000, 0x0000000084a00000| Untracked 
|  75|0x0000000084b00000, 0x0000000084c00000, 0x0000000084c00000|100%| O|  |TAMS 0x0000000084c00000, 0x0000000084b00000| Untracked 
|  76|0x0000000084c00000, 0x0000000084d00000, 0x0000000084d00000|100%| O|  |TAMS 0x0000000084d00000, 0x0000000084c00000| Untracked 
|  77|0x0000000084d00000, 0x0000000084e00000, 0x0000000084e00000|100%| O|  |TAMS 0x0000000084e00000, 0x0000000084d00000| Untracked 
|  78|0x0000000084e00000, 0x0000000084f00000, 0x0000000084f00000|100%| O|  |TAMS 0x0000000084f00000, 0x0000000084e00000| Untracked 
|  79|0x0000000084f00000, 0x0000000085000000, 0x0000000085000000|100%| O|  |TAMS 0x0000000085000000, 0x0000000084f00000| Untracked 
|  80|0x0000000085000000, 0x0000000085100000, 0x0000000085100000|100%| O|  |TAMS 0x0000000085100000, 0x0000000085000000| Untracked 
|  81|0x0000000085100000, 0x0000000085200000, 0x0000000085200000|100%| O|  |TAMS 0x0000000085200000, 0x0000000085100000| Untracked 
|  82|0x0000000085200000, 0x0000000085300000, 0x0000000085300000|100%| O|  |TAMS 0x0000000085300000, 0x0000000085200000| Untracked 
|  83|0x0000000085300000, 0x0000000085400000, 0x0000000085400000|100%| O|  |TAMS 0x0000000085400000, 0x0000000085300000| Untracked 
|  84|0x0000000085400000, 0x0000000085500000, 0x0000000085500000|100%| O|  |TAMS 0x0000000085500000, 0x0000000085400000| Untracked 
|  85|0x0000000085500000, 0x0000000085600000, 0x0000000085600000|100%| O|  |TAMS 0x0000000085600000, 0x0000000085500000| Untracked 
|  86|0x0000000085600000, 0x0000000085700000, 0x0000000085700000|100%| O|  |TAMS 0x0000000085700000, 0x0000000085600000| Untracked 
|  87|0x0000000085700000, 0x0000000085800000, 0x0000000085800000|100%| O|  |TAMS 0x0000000085800000, 0x0000000085700000| Untracked 
|  88|0x0000000085800000, 0x0000000085900000, 0x0000000085900000|100%| O|  |TAMS 0x0000000085900000, 0x0000000085800000| Untracked 
|  89|0x0000000085900000, 0x0000000085a00000, 0x0000000085a00000|100%| O|  |TAMS 0x0000000085a00000, 0x0000000085900000| Untracked 
|  90|0x0000000085a00000, 0x0000000085b00000, 0x0000000085b00000|100%| O|  |TAMS 0x0000000085b00000, 0x0000000085a00000| Untracked 
|  91|0x0000000085b00000, 0x0000000085c00000, 0x0000000085c00000|100%| O|  |TAMS 0x0000000085c00000, 0x0000000085b00000| Updating 
|  92|0x0000000085c00000, 0x0000000085d00000, 0x0000000085d00000|100%| O|  |TAMS 0x0000000085d00000, 0x0000000085c00000| Updating 
|  93|0x0000000085d00000, 0x0000000085e00000, 0x0000000085e00000|100%| O|  |TAMS 0x0000000085e00000, 0x0000000085d00000| Updating 
|  94|0x0000000085e00000, 0x0000000085f00000, 0x0000000085f00000|100%| O|  |TAMS 0x0000000085f00000, 0x0000000085e00000| Updating 
|  95|0x0000000085f00000, 0x0000000086000000, 0x0000000086000000|100%| O|  |TAMS 0x0000000086000000, 0x0000000085f00000| Updating 
|  96|0x0000000086000000, 0x0000000086100000, 0x0000000086100000|100%| O|  |TAMS 0x0000000086100000, 0x0000000086000000| Untracked 
|  97|0x0000000086100000, 0x0000000086200000, 0x0000000086200000|100%| O|  |TAMS 0x0000000086200000, 0x0000000086100000| Updating 
|  98|0x0000000086200000, 0x0000000086300000, 0x0000000086300000|100%| O|  |TAMS 0x0000000086300000, 0x0000000086200000| Untracked 
|  99|0x0000000086300000, 0x0000000086400000, 0x0000000086400000|100%| O|  |TAMS 0x0000000086400000, 0x0000000086300000| Updating 
| 100|0x0000000086400000, 0x0000000086500000, 0x0000000086500000|100%| O|  |TAMS 0x0000000086500000, 0x0000000086400000| Untracked 
| 101|0x0000000086500000, 0x0000000086600000, 0x0000000086600000|100%| O|  |TAMS 0x0000000086600000, 0x0000000086500000| Updating 
| 102|0x0000000086600000, 0x0000000086700000, 0x0000000086700000|100%| O|  |TAMS 0x0000000086700000, 0x0000000086600000| Updating 
| 103|0x0000000086700000, 0x0000000086700000, 0x0000000086800000|  0%| F|  |TAMS 0x0000000086700000, 0x0000000086700000| Untracked 
| 104|0x0000000086800000, 0x0000000086900000, 0x0000000086900000|100%| O|  |TAMS 0x0000000086900000, 0x0000000086800000| Updating 
| 105|0x0000000086900000, 0x0000000086900000, 0x0000000086a00000|  0%| F|  |TAMS 0x0000000086900000, 0x0000000086900000| Untracked 
| 106|0x0000000086a00000, 0x0000000086b00000, 0x0000000086b00000|100%| O|  |TAMS 0x0000000086b00000, 0x0000000086a00000| Updating 
| 107|0x0000000086b00000, 0x0000000086b00000, 0x0000000086c00000|  0%| F|  |TAMS 0x0000000086b00000, 0x0000000086b00000| Untracked 
| 108|0x0000000086c00000, 0x0000000086c00000, 0x0000000086d00000|  0%| F|  |TAMS 0x0000000086c00000, 0x0000000086c00000| Untracked 
| 109|0x0000000086d00000, 0x0000000086e00000, 0x0000000086e00000|100%| O|  |TAMS 0x0000000086e00000, 0x0000000086d00000| Updating 
| 110|0x0000000086e00000, 0x0000000086e00000, 0x0000000086f00000|  0%| F|  |TAMS 0x0000000086e00000, 0x0000000086e00000| Untracked 
| 111|0x0000000086f00000, 0x0000000087000000, 0x0000000087000000|100%| O|  |TAMS 0x0000000087000000, 0x0000000086f00000| Updating 
| 112|0x0000000087000000, 0x0000000087000000, 0x0000000087100000|  0%| F|  |TAMS 0x0000000087000000, 0x0000000087000000| Untracked 
| 113|0x0000000087100000, 0x0000000087100000, 0x0000000087200000|  0%| F|  |TAMS 0x0000000087100000, 0x0000000087100000| Untracked 
| 114|0x0000000087200000, 0x0000000087200000, 0x0000000087300000|  0%| F|  |TAMS 0x0000000087200000, 0x0000000087200000| Untracked 
| 115|0x0000000087300000, 0x0000000087300000, 0x0000000087400000|  0%| F|  |TAMS 0x0000000087300000, 0x0000000087300000| Untracked 
| 116|0x0000000087400000, 0x0000000087500000, 0x0000000087500000|100%| O|  |TAMS 0x0000000087500000, 0x0000000087400000| Updating 
| 117|0x0000000087500000, 0x0000000087600000, 0x0000000087600000|100%| O|  |TAMS 0x0000000087600000, 0x0000000087500000| Updating 
| 118|0x0000000087600000, 0x0000000087700000, 0x0000000087700000|100%| O|  |TAMS 0x0000000087700000, 0x0000000087600000| Updating 
| 119|0x0000000087700000, 0x0000000087800000, 0x0000000087800000|100%| O|  |TAMS 0x0000000087800000, 0x0000000087700000| Updating 
| 120|0x0000000087800000, 0x0000000087900000, 0x0000000087900000|100%| O|  |TAMS 0x0000000087900000, 0x0000000087800000| Updating 
| 121|0x0000000087900000, 0x0000000087900000, 0x0000000087a00000|  0%| F|  |TAMS 0x0000000087900000, 0x0000000087900000| Untracked 
| 122|0x0000000087a00000, 0x0000000087b00000, 0x0000000087b00000|100%| O|  |TAMS 0x0000000087b00000, 0x0000000087a00000| Updating 
| 123|0x0000000087b00000, 0x0000000087c00000, 0x0000000087c00000|100%| O|  |TAMS 0x0000000087c00000, 0x0000000087b00000| Updating 
| 124|0x0000000087c00000, 0x0000000087d00000, 0x0000000087d00000|100%| O|  |TAMS 0x0000000087d00000, 0x0000000087c00000| Updating 
| 125|0x0000000087d00000, 0x0000000087e00000, 0x0000000087e00000|100%| O|  |TAMS 0x0000000087e00000, 0x0000000087d00000| Updating 
| 126|0x0000000087e00000, 0x0000000087f00000, 0x0000000087f00000|100%| O|  |TAMS 0x0000000087f00000, 0x0000000087e00000| Untracked 
| 127|0x0000000087f00000, 0x0000000088000000, 0x0000000088000000|100%| O|  |TAMS 0x0000000088000000, 0x0000000087f00000| Untracked 
| 128|0x0000000088000000, 0x0000000088100000, 0x0000000088100000|100%| O|  |TAMS 0x0000000088100000, 0x0000000088000000| Untracked 
| 129|0x0000000088100000, 0x0000000088200000, 0x0000000088200000|100%| O|  |TAMS 0x0000000088200000, 0x0000000088100000| Untracked 
| 130|0x0000000088200000, 0x0000000088300000, 0x0000000088300000|100%| O|  |TAMS 0x0000000088300000, 0x0000000088200000| Untracked 
| 131|0x0000000088300000, 0x0000000088400000, 0x0000000088400000|100%| O|  |TAMS 0x0000000088400000, 0x0000000088300000| Updating 
| 132|0x0000000088400000, 0x0000000088500000, 0x0000000088500000|100%| O|  |TAMS 0x0000000088500000, 0x0000000088400000| Updating 
| 133|0x0000000088500000, 0x0000000088600000, 0x0000000088600000|100%| O|  |TAMS 0x0000000088600000, 0x0000000088500000| Updating 
| 134|0x0000000088600000, 0x0000000088700000, 0x0000000088700000|100%| O|  |TAMS 0x0000000088700000, 0x0000000088600000| Updating 
| 135|0x0000000088700000, 0x0000000088800000, 0x0000000088800000|100%| O|  |TAMS 0x0000000088800000, 0x0000000088700000| Updating 
| 136|0x0000000088800000, 0x0000000088900000, 0x0000000088900000|100%| O|  |TAMS 0x0000000088900000, 0x0000000088800000| Updating 
| 137|0x0000000088900000, 0x0000000088a00000, 0x0000000088a00000|100%| O|  |TAMS 0x0000000088a00000, 0x0000000088900000| Updating 
| 138|0x0000000088a00000, 0x0000000088b00000, 0x0000000088b00000|100%| O|  |TAMS 0x0000000088b00000, 0x0000000088a00000| Updating 
| 139|0x0000000088b00000, 0x0000000088c00000, 0x0000000088c00000|100%| O|  |TAMS 0x0000000088c00000, 0x0000000088b00000| Updating 
| 140|0x0000000088c00000, 0x0000000088d00000, 0x0000000088d00000|100%| O|  |TAMS 0x0000000088d00000, 0x0000000088c00000| Untracked 
| 141|0x0000000088d00000, 0x0000000088e00000, 0x0000000088e00000|100%| O|  |TAMS 0x0000000088e00000, 0x0000000088d00000| Updating 
| 142|0x0000000088e00000, 0x0000000088f00000, 0x0000000088f00000|100%| O|  |TAMS 0x0000000088f00000, 0x0000000088e00000| Updating 
| 143|0x0000000088f00000, 0x0000000089000000, 0x0000000089000000|100%| O|  |TAMS 0x0000000089000000, 0x0000000088f00000| Updating 
| 144|0x0000000089000000, 0x0000000089100000, 0x0000000089100000|100%| O|  |TAMS 0x0000000089100000, 0x0000000089000000| Updating 
| 145|0x0000000089100000, 0x0000000089200000, 0x0000000089200000|100%| O|  |TAMS 0x0000000089200000, 0x0000000089100000| Updating 
| 146|0x0000000089200000, 0x0000000089300000, 0x0000000089300000|100%| O|  |TAMS 0x0000000089300000, 0x0000000089200000| Updating 
| 147|0x0000000089300000, 0x0000000089400000, 0x0000000089400000|100%| O|  |TAMS 0x0000000089400000, 0x0000000089300000| Untracked 
| 148|0x0000000089400000, 0x0000000089500000, 0x0000000089500000|100%| O|  |TAMS 0x0000000089500000, 0x0000000089400000| Untracked 
| 149|0x0000000089500000, 0x0000000089600000, 0x0000000089600000|100%| O|  |TAMS 0x0000000089600000, 0x0000000089500000| Updating 
| 150|0x0000000089600000, 0x0000000089700000, 0x0000000089700000|100%| O|  |TAMS 0x0000000089700000, 0x0000000089600000| Updating 
| 151|0x0000000089700000, 0x0000000089800000, 0x0000000089800000|100%| O|  |TAMS 0x0000000089800000, 0x0000000089700000| Updating 
| 152|0x0000000089800000, 0x0000000089900000, 0x0000000089900000|100%| O|  |TAMS 0x0000000089900000, 0x0000000089800000| Untracked 
| 153|0x0000000089900000, 0x0000000089a00000, 0x0000000089a00000|100%| O|  |TAMS 0x0000000089a00000, 0x0000000089900000| Updating 
| 154|0x0000000089a00000, 0x0000000089b00000, 0x0000000089b00000|100%| O|  |TAMS 0x0000000089b00000, 0x0000000089a00000| Updating 
| 155|0x0000000089b00000, 0x0000000089c00000, 0x0000000089c00000|100%| O|  |TAMS 0x0000000089c00000, 0x0000000089b00000| Untracked 
| 156|0x0000000089c00000, 0x0000000089d00000, 0x0000000089d00000|100%| O|  |TAMS 0x0000000089d00000, 0x0000000089c00000| Untracked 
| 157|0x0000000089d00000, 0x0000000089e00000, 0x0000000089e00000|100%| O|  |TAMS 0x0000000089e00000, 0x0000000089d00000| Untracked 
| 158|0x0000000089e00000, 0x0000000089f00000, 0x0000000089f00000|100%| O|  |TAMS 0x0000000089f00000, 0x0000000089e00000| Untracked 
| 159|0x0000000089f00000, 0x000000008a000000, 0x000000008a000000|100%| O|  |TAMS 0x000000008a000000, 0x0000000089f00000| Updating 
| 160|0x000000008a000000, 0x000000008a100000, 0x000000008a100000|100%|HS|  |TAMS 0x000000008a100000, 0x000000008a000000| Complete 
| 161|0x000000008a100000, 0x000000008a200000, 0x000000008a200000|100%|HC|  |TAMS 0x000000008a200000, 0x000000008a100000| Complete 
| 162|0x000000008a200000, 0x000000008a300000, 0x000000008a300000|100%|HS|  |TAMS 0x000000008a300000, 0x000000008a200000| Complete 
| 163|0x000000008a300000, 0x000000008a400000, 0x000000008a400000|100%|HC|  |TAMS 0x000000008a400000, 0x000000008a300000| Complete 
| 164|0x000000008a400000, 0x000000008a500000, 0x000000008a500000|100%|HS|  |TAMS 0x000000008a500000, 0x000000008a400000| Complete 
| 165|0x000000008a500000, 0x000000008a600000, 0x000000008a600000|100%|HC|  |TAMS 0x000000008a600000, 0x000000008a500000| Complete 
| 166|0x000000008a600000, 0x000000008a700000, 0x000000008a700000|100%| O|  |TAMS 0x000000008a700000, 0x000000008a600000| Untracked 
| 167|0x000000008a700000, 0x000000008a700000, 0x000000008a800000|  0%| F|  |TAMS 0x000000008a700000, 0x000000008a700000| Untracked 
| 168|0x000000008a800000, 0x000000008a900000, 0x000000008a900000|100%| O|  |TAMS 0x000000008a900000, 0x000000008a800000| Updating 
| 169|0x000000008a900000, 0x000000008aa00000, 0x000000008aa00000|100%| O|  |TAMS 0x000000008aa00000, 0x000000008a900000| Updating 
| 170|0x000000008aa00000, 0x000000008aa00000, 0x000000008ab00000|  0%| F|  |TAMS 0x000000008aa00000, 0x000000008aa00000| Untracked 
| 171|0x000000008ab00000, 0x000000008ac00000, 0x000000008ac00000|100%| O|  |TAMS 0x000000008ac00000, 0x000000008ab00000| Updating 
| 172|0x000000008ac00000, 0x000000008ad00000, 0x000000008ad00000|100%| O|  |TAMS 0x000000008ad00000, 0x000000008ac00000| Updating 
| 173|0x000000008ad00000, 0x000000008ae00000, 0x000000008ae00000|100%| O|  |TAMS 0x000000008ae00000, 0x000000008ad00000| Updating 
| 174|0x000000008ae00000, 0x000000008af00000, 0x000000008af00000|100%| O|  |TAMS 0x000000008af00000, 0x000000008ae00000| Updating 
| 175|0x000000008af00000, 0x000000008b000000, 0x000000008b000000|100%| O|  |TAMS 0x000000008b000000, 0x000000008af00000| Updating 
| 176|0x000000008b000000, 0x000000008b100000, 0x000000008b100000|100%|HS|  |TAMS 0x000000008b000000, 0x000000008b000000| Complete 
| 177|0x000000008b100000, 0x000000008b200000, 0x000000008b200000|100%|HC|  |TAMS 0x000000008b100000, 0x000000008b100000| Complete 
| 178|0x000000008b200000, 0x000000008b300000, 0x000000008b300000|100%|HS|  |TAMS 0x000000008b300000, 0x000000008b200000| Complete 
| 179|0x000000008b300000, 0x000000008b400000, 0x000000008b400000|100%|HC|  |TAMS 0x000000008b400000, 0x000000008b300000| Complete 
| 180|0x000000008b400000, 0x000000008b500000, 0x000000008b500000|100%|HS|  |TAMS 0x000000008b400000, 0x000000008b400000| Complete 
| 181|0x000000008b500000, 0x000000008b600000, 0x000000008b600000|100%|HC|  |TAMS 0x000000008b500000, 0x000000008b500000| Complete 
| 182|0x000000008b600000, 0x000000008b700000, 0x000000008b700000|100%|HS|  |TAMS 0x000000008b700000, 0x000000008b600000| Complete 
| 183|0x000000008b700000, 0x000000008b800000, 0x000000008b800000|100%|HC|  |TAMS 0x000000008b800000, 0x000000008b700000| Complete 
| 184|0x000000008b800000, 0x000000008b900000, 0x000000008b900000|100%|HS|  |TAMS 0x000000008b900000, 0x000000008b800000| Complete 
| 185|0x000000008b900000, 0x000000008ba00000, 0x000000008ba00000|100%|HC|  |TAMS 0x000000008ba00000, 0x000000008b900000| Complete 
| 186|0x000000008ba00000, 0x000000008bb00000, 0x000000008bb00000|100%|HS|  |TAMS 0x000000008bb00000, 0x000000008ba00000| Complete 
| 187|0x000000008bb00000, 0x000000008bc00000, 0x000000008bc00000|100%|HC|  |TAMS 0x000000008bc00000, 0x000000008bb00000| Complete 
| 188|0x000000008bc00000, 0x000000008bd00000, 0x000000008bd00000|100%|HS|  |TAMS 0x000000008bd00000, 0x000000008bc00000| Complete 
| 189|0x000000008bd00000, 0x000000008be00000, 0x000000008be00000|100%|HC|  |TAMS 0x000000008be00000, 0x000000008bd00000| Complete 
| 190|0x000000008be00000, 0x000000008bf00000, 0x000000008bf00000|100%|HS|  |TAMS 0x000000008bf00000, 0x000000008be00000| Complete 
| 191|0x000000008bf00000, 0x000000008c000000, 0x000000008c000000|100%|HC|  |TAMS 0x000000008c000000, 0x000000008bf00000| Complete 
| 192|0x000000008c000000, 0x000000008c100000, 0x000000008c100000|100%|HS|  |TAMS 0x000000008c100000, 0x000000008c000000| Complete 
| 193|0x000000008c100000, 0x000000008c200000, 0x000000008c200000|100%|HC|  |TAMS 0x000000008c200000, 0x000000008c100000| Complete 
| 194|0x000000008c200000, 0x000000008c300000, 0x000000008c300000|100%|HS|  |TAMS 0x000000008c300000, 0x000000008c200000| Complete 
| 195|0x000000008c300000, 0x000000008c400000, 0x000000008c400000|100%|HC|  |TAMS 0x000000008c400000, 0x000000008c300000| Complete 
| 196|0x000000008c400000, 0x000000008c500000, 0x000000008c500000|100%|HS|  |TAMS 0x000000008c500000, 0x000000008c400000| Complete 
| 197|0x000000008c500000, 0x000000008c600000, 0x000000008c600000|100%|HC|  |TAMS 0x000000008c600000, 0x000000008c500000| Complete 
| 198|0x000000008c600000, 0x000000008c700000, 0x000000008c700000|100%|HS|  |TAMS 0x000000008c700000, 0x000000008c600000| Complete 
| 199|0x000000008c700000, 0x000000008c800000, 0x000000008c800000|100%|HC|  |TAMS 0x000000008c800000, 0x000000008c700000| Complete 
| 200|0x000000008c800000, 0x000000008c900000, 0x000000008c900000|100%| O|  |TAMS 0x000000008c900000, 0x000000008c800000| Untracked 
| 201|0x000000008c900000, 0x000000008c9d5e00, 0x000000008ca00000| 83%| O|  |TAMS 0x000000008c9d5e00, 0x000000008c900000| Updating 
| 202|0x000000008ca00000, 0x000000008ca00000, 0x000000008cb00000|  0%| F|  |TAMS 0x000000008ca00000, 0x000000008ca00000| Untracked 
| 203|0x000000008cb00000, 0x000000008cb00000, 0x000000008cc00000|  0%| F|  |TAMS 0x000000008cb00000, 0x000000008cb00000| Untracked 
| 204|0x000000008cc00000, 0x000000008cc00000, 0x000000008cd00000|  0%| F|  |TAMS 0x000000008cc00000, 0x000000008cc00000| Untracked 
| 205|0x000000008cd00000, 0x000000008cd00000, 0x000000008ce00000|  0%| F|  |TAMS 0x000000008cd00000, 0x000000008cd00000| Untracked 
| 206|0x000000008ce00000, 0x000000008ce00000, 0x000000008cf00000|  0%| F|  |TAMS 0x000000008ce00000, 0x000000008ce00000| Untracked 
| 207|0x000000008cf00000, 0x000000008cf00000, 0x000000008d000000|  0%| F|  |TAMS 0x000000008cf00000, 0x000000008cf00000| Untracked 
| 208|0x000000008d000000, 0x000000008d000000, 0x000000008d100000|  0%| F|  |TAMS 0x000000008d000000, 0x000000008d000000| Untracked 
| 209|0x000000008d100000, 0x000000008d100000, 0x000000008d200000|  0%| F|  |TAMS 0x000000008d100000, 0x000000008d100000| Untracked 
| 210|0x000000008d200000, 0x000000008d200000, 0x000000008d300000|  0%| F|  |TAMS 0x000000008d200000, 0x000000008d200000| Untracked 
| 211|0x000000008d300000, 0x000000008d300000, 0x000000008d400000|  0%| F|  |TAMS 0x000000008d300000, 0x000000008d300000| Untracked 
| 212|0x000000008d400000, 0x000000008d400000, 0x000000008d500000|  0%| F|  |TAMS 0x000000008d400000, 0x000000008d400000| Untracked 
| 213|0x000000008d500000, 0x000000008d500000, 0x000000008d600000|  0%| F|  |TAMS 0x000000008d500000, 0x000000008d500000| Untracked 
| 214|0x000000008d600000, 0x000000008d600000, 0x000000008d700000|  0%| F|  |TAMS 0x000000008d600000, 0x000000008d600000| Untracked 
| 215|0x000000008d700000, 0x000000008d700000, 0x000000008d800000|  0%| F|  |TAMS 0x000000008d700000, 0x000000008d700000| Untracked 
| 216|0x000000008d800000, 0x000000008d800000, 0x000000008d900000|  0%| F|  |TAMS 0x000000008d800000, 0x000000008d800000| Untracked 
| 217|0x000000008d900000, 0x000000008d900000, 0x000000008da00000|  0%| F|  |TAMS 0x000000008d900000, 0x000000008d900000| Untracked 
| 218|0x000000008da00000, 0x000000008da00000, 0x000000008db00000|  0%| F|  |TAMS 0x000000008da00000, 0x000000008da00000| Untracked 
| 219|0x000000008db00000, 0x000000008db00000, 0x000000008dc00000|  0%| F|  |TAMS 0x000000008db00000, 0x000000008db00000| Untracked 
| 220|0x000000008dc00000, 0x000000008dc00000, 0x000000008dd00000|  0%| F|  |TAMS 0x000000008dc00000, 0x000000008dc00000| Untracked 
| 221|0x000000008dd00000, 0x000000008dd00000, 0x000000008de00000|  0%| F|  |TAMS 0x000000008dd00000, 0x000000008dd00000| Untracked 
| 222|0x000000008de00000, 0x000000008de00000, 0x000000008df00000|  0%| F|  |TAMS 0x000000008de00000, 0x000000008de00000| Untracked 
| 223|0x000000008df00000, 0x000000008df00000, 0x000000008e000000|  0%| F|  |TAMS 0x000000008df00000, 0x000000008df00000| Untracked 
| 224|0x000000008e000000, 0x000000008e000000, 0x000000008e100000|  0%| F|  |TAMS 0x000000008e000000, 0x000000008e000000| Untracked 
| 225|0x000000008e100000, 0x000000008e100000, 0x000000008e200000|  0%| F|  |TAMS 0x000000008e100000, 0x000000008e100000| Untracked 
| 226|0x000000008e200000, 0x000000008e200000, 0x000000008e300000|  0%| F|  |TAMS 0x000000008e200000, 0x000000008e200000| Untracked 
| 227|0x000000008e300000, 0x000000008e300000, 0x000000008e400000|  0%| F|  |TAMS 0x000000008e300000, 0x000000008e300000| Untracked 
| 228|0x000000008e400000, 0x000000008e400000, 0x000000008e500000|  0%| F|  |TAMS 0x000000008e400000, 0x000000008e400000| Untracked 
| 229|0x000000008e500000, 0x000000008e500000, 0x000000008e600000|  0%| F|  |TAMS 0x000000008e500000, 0x000000008e500000| Untracked 
| 230|0x000000008e600000, 0x000000008e600000, 0x000000008e700000|  0%| F|  |TAMS 0x000000008e600000, 0x000000008e600000| Untracked 
| 231|0x000000008e700000, 0x000000008e700000, 0x000000008e800000|  0%| F|  |TAMS 0x000000008e700000, 0x000000008e700000| Untracked 
| 232|0x000000008e800000, 0x000000008e800000, 0x000000008e900000|  0%| F|  |TAMS 0x000000008e800000, 0x000000008e800000| Untracked 
| 233|0x000000008e900000, 0x000000008e900000, 0x000000008ea00000|  0%| F|  |TAMS 0x000000008e900000, 0x000000008e900000| Untracked 
| 234|0x000000008ea00000, 0x000000008ea00000, 0x000000008eb00000|  0%| F|  |TAMS 0x000000008ea00000, 0x000000008ea00000| Untracked 
| 235|0x000000008eb00000, 0x000000008eb00000, 0x000000008ec00000|  0%| F|  |TAMS 0x000000008eb00000, 0x000000008eb00000| Untracked 
| 236|0x000000008ec00000, 0x000000008ec00000, 0x000000008ed00000|  0%| F|  |TAMS 0x000000008ec00000, 0x000000008ec00000| Untracked 
| 237|0x000000008ed00000, 0x000000008ed00000, 0x000000008ee00000|  0%| F|  |TAMS 0x000000008ed00000, 0x000000008ed00000| Untracked 
| 238|0x000000008ee00000, 0x000000008ee00000, 0x000000008ef00000|  0%| F|  |TAMS 0x000000008ee00000, 0x000000008ee00000| Untracked 
| 239|0x000000008ef00000, 0x000000008ef00000, 0x000000008f000000|  0%| F|  |TAMS 0x000000008ef00000, 0x000000008ef00000| Untracked 
| 240|0x000000008f000000, 0x000000008f000000, 0x000000008f100000|  0%| F|  |TAMS 0x000000008f000000, 0x000000008f000000| Untracked 
| 241|0x000000008f100000, 0x000000008f100000, 0x000000008f200000|  0%| F|  |TAMS 0x000000008f100000, 0x000000008f100000| Untracked 
| 242|0x000000008f200000, 0x000000008f200000, 0x000000008f300000|  0%| F|  |TAMS 0x000000008f200000, 0x000000008f200000| Untracked 
| 243|0x000000008f300000, 0x000000008f3bd350, 0x000000008f400000| 73%| E|  |TAMS 0x000000008f300000, 0x000000008f300000| Complete 
| 244|0x000000008f400000, 0x000000008f500000, 0x000000008f500000|100%| E|CS|TAMS 0x000000008f400000, 0x000000008f400000| Complete 
| 245|0x000000008f500000, 0x000000008f5bae98, 0x000000008f600000| 73%| S|CS|TAMS 0x000000008f500000, 0x000000008f500000| Complete 
| 246|0x000000008f600000, 0x000000008f700000, 0x000000008f700000|100%| E|CS|TAMS 0x000000008f600000, 0x000000008f600000| Complete 
| 247|0x000000008f700000, 0x000000008f800000, 0x000000008f800000|100%| E|CS|TAMS 0x000000008f700000, 0x000000008f700000| Complete 

Card table byte_map: [0x0000021a692b0000,0x0000021a696b0000] _byte_map_base: 0x0000021a68eb0000

Marking Bits (Prev, Next): (CMBitMap*) 0x0000021a56718100, (CMBitMap*) 0x0000021a567180c0
 Prev Bits: [0x0000021a6bab0000, 0x0000021a6dab0000)
 Next Bits: [0x0000021a69ab0000, 0x0000021a6bab0000)

Polling page: 0x0000021a55e80000

Metaspace:

Usage:
  Non-class:     96.01 MB used.
      Class:     14.49 MB used.
       Both:    110.50 MB used.

Virtual space:
  Non-class space:      104.00 MB reserved,      96.31 MB ( 93%) committed,  13 nodes.
      Class space:        1.00 GB reserved,      14.81 MB (  1%) committed,  1 nodes.
             Both:        1.10 GB reserved,     111.12 MB ( 10%) committed. 

Chunk freelists:
   Non-Class:  3.63 MB
       Class:  1.19 MB
        Both:  4.82 MB

MaxMetaspaceSize: unlimited
CompressedClassSpaceSize: 1.00 GB
Initial GC threshold: 21.00 MB
Current GC threshold: 115.00 MB
CDS: off
MetaspaceReclaimPolicy: balanced
 - commit_granule_bytes: 65536.
 - commit_granule_words: 8192.
 - virtual_space_node_default_size: 1048576.
 - enlarge_chunks_in_place: 1.
 - new_chunks_are_fully_committed: 0.
 - uncommit_free_chunks: 1.
 - use_allocation_guard: 0.
 - handle_deallocations: 1.


Internal statistics:

num_allocs_failed_limit: 6.
num_arena_births: 1058.
num_arena_deaths: 4.
num_vsnodes_births: 14.
num_vsnodes_deaths: 0.
num_space_committed: 1776.
num_space_uncommitted: 0.
num_chunks_returned_to_freelist: 11.
num_chunks_taken_from_freelist: 5348.
num_chunk_merges: 6.
num_chunk_splits: 3565.
num_chunks_enlarged: 2394.
num_purges: 2.
num_inconsistent_stats: 0.

CodeHeap 'non-profiled nmethods': size=120000Kb used=8241Kb max_used=8241Kb free=111758Kb
 bounds [0x0000021a61650000, 0x0000021a61e60000, 0x0000021a68b80000]
CodeHeap 'profiled nmethods': size=120000Kb used=26606Kb max_used=26606Kb free=93393Kb
 bounds [0x0000021a59b80000, 0x0000021a5b5b0000, 0x0000021a610b0000]
CodeHeap 'non-nmethods': size=5760Kb used=2425Kb max_used=2478Kb free=3334Kb
 bounds [0x0000021a610b0000, 0x0000021a61330000, 0x0000021a61650000]
 total_blobs=14655 nmethods=13689 adapters=878
 compilation: enabled
              stopped_count=0, restarted_count=0
 full_count=0

Compilation events (20 events):
Event: 63.315 Thread 0x0000021a71037ee0 16450       3       com.google.common.collect.Iterators$9::next (25 bytes)
Event: 63.315 Thread 0x0000021a71037ee0 nmethod 16450 0x0000021a5b356190 code [0x0000021a5b356340, 0x0000021a5b356568]
Event: 63.316 Thread 0x0000021a71037530 16451       4       java.util.LinkedHashMap::keysToArray (38 bytes)
Event: 63.316 Thread 0x0000021a71037ee0 16452       3       jdk.internal.org.objectweb.asm.Type::getInternalName (12 bytes)
Event: 63.317 Thread 0x0000021a71037ee0 nmethod 16452 0x0000021a5b355c90 code [0x0000021a5b355e40, 0x0000021a5b356058]
Event: 63.317 Thread 0x0000021a71037ee0 16453       3       com.google.common.collect.ImmutableCollection$Builder::<init> (5 bytes)
Event: 63.317 Thread 0x0000021a71037ee0 nmethod 16453 0x0000021a5b355910 code [0x0000021a5b355aa0, 0x0000021a5b355bf8]
Event: 63.318 Thread 0x0000021a71037ee0 16454       3       jdk.internal.org.objectweb.asm.Type::getType (122 bytes)
Event: 63.320 Thread 0x0000021a71037ee0 nmethod 16454 0x0000021a59caef10 code [0x0000021a59caf1a0, 0x0000021a59cafb68]
Event: 63.320 Thread 0x0000021a71037ee0 16457       3       com.google.common.collect.ImmutableList$Builder::<init> (6 bytes)
Event: 63.320 Thread 0x0000021a71037ee0 nmethod 16457 0x0000021a5b355310 code [0x0000021a5b3554c0, 0x0000021a5b3557f8]
Event: 63.320 Thread 0x0000021a71037ee0 16458       3       com.google.common.collect.ImmutableList$Builder::<init> (18 bytes)
Event: 63.320 Thread 0x0000021a71037ee0 nmethod 16458 0x0000021a5b354d90 code [0x0000021a5b354f40, 0x0000021a5b355218]
Event: 63.320 Thread 0x0000021a71037ee0 16459       3       com.google.common.collect.ImmutableList$Builder::build (17 bytes)
Event: 63.320 Thread 0x0000021a71037ee0 nmethod 16459 0x0000021a59caeb90 code [0x0000021a59caed20, 0x0000021a59caee68]
Event: 63.320 Thread 0x0000021a71037ee0 16455       3       jdk.internal.org.objectweb.asm.Type::getDescriptor (18 bytes)
Event: 63.321 Thread 0x0000021a71037ee0 nmethod 16455 0x0000021a59cae410 code [0x0000021a59cae600, 0x0000021a59caea38]
Event: 63.321 Thread 0x0000021a71037ee0 16462       3       com.google.common.collect.ImmutableList::builder (8 bytes)
Event: 63.322 Thread 0x0000021a71037ee0 nmethod 16462 0x0000021a59cadd10 code [0x0000021a59cadec0, 0x0000021a59cae278]
Event: 63.322 Thread 0x0000021a71037ee0 16456       3       jdk.internal.org.objectweb.asm.Type::appendDescriptor (185 bytes)

GC Heap History (20 events):
Event: 47.849 GC heap before
{Heap before GC invocations=39 (full 0):
 garbage-first heap   total 253952K, used 202838K [0x0000000080000000, 0x0000000100000000)
  region size 1024K, 60 young (61440K), 5 survivors (5120K)
 Metaspace       used 103080K, committed 103744K, reserved 1138688K
  class space    used 13548K, committed 13888K, reserved 1048576K
}
Event: 47.862 GC heap after
{Heap after GC invocations=40 (full 0):
 garbage-first heap   total 253952K, used 151206K [0x0000000080000000, 0x0000000100000000)
  region size 1024K, 8 young (8192K), 8 survivors (8192K)
 Metaspace       used 103080K, committed 103744K, reserved 1138688K
  class space    used 13548K, committed 13888K, reserved 1048576K
}
Event: 49.094 GC heap before
{Heap before GC invocations=40 (full 0):
 garbage-first heap   total 253952K, used 205478K [0x0000000080000000, 0x0000000100000000)
  region size 1024K, 62 young (63488K), 8 survivors (8192K)
 Metaspace       used 103951K, committed 104704K, reserved 1146880K
  class space    used 13667K, committed 14016K, reserved 1048576K
}
Event: 49.109 GC heap after
{Heap after GC invocations=41 (full 0):
 garbage-first heap   total 253952K, used 153722K [0x0000000080000000, 0x0000000100000000)
  region size 1024K, 5 young (5120K), 5 survivors (5120K)
 Metaspace       used 103951K, committed 104704K, reserved 1146880K
  class space    used 13667K, committed 14016K, reserved 1048576K
}
Event: 51.676 GC heap before
{Heap before GC invocations=41 (full 0):
 garbage-first heap   total 253952K, used 206970K [0x0000000080000000, 0x0000000100000000)
  region size 1024K, 58 young (59392K), 5 survivors (5120K)
 Metaspace       used 107504K, committed 108224K, reserved 1146880K
  class space    used 14137K, committed 14464K, reserved 1048576K
}
Event: 51.700 GC heap after
{Heap after GC invocations=42 (full 0):
 garbage-first heap   total 253952K, used 158172K [0x0000000080000000, 0x0000000100000000)
  region size 1024K, 6 young (6144K), 6 survivors (6144K)
 Metaspace       used 107504K, committed 108224K, reserved 1146880K
  class space    used 14137K, committed 14464K, reserved 1048576K
}
Event: 59.519 GC heap before
{Heap before GC invocations=42 (full 0):
 garbage-first heap   total 253952K, used 209372K [0x0000000080000000, 0x0000000100000000)
  region size 1024K, 56 young (57344K), 6 survivors (6144K)
 Metaspace       used 108352K, committed 108992K, reserved 1146880K
  class space    used 14233K, committed 14528K, reserved 1048576K
}
Event: 59.550 GC heap after
{Heap after GC invocations=43 (full 0):
 garbage-first heap   total 253952K, used 167473K [0x0000000080000000, 0x0000000100000000)
  region size 1024K, 7 young (7168K), 7 survivors (7168K)
 Metaspace       used 108352K, committed 108992K, reserved 1146880K
  class space    used 14233K, committed 14528K, reserved 1048576K
}
Event: 60.351 GC heap before
{Heap before GC invocations=43 (full 0):
 garbage-first heap   total 253952K, used 208433K [0x0000000080000000, 0x0000000100000000)
  region size 1024K, 48 young (49152K), 7 survivors (7168K)
 Metaspace       used 108752K, committed 109376K, reserved 1146880K
  class space    used 14289K, committed 14592K, reserved 1048576K
}
Event: 60.363 GC heap after
{Heap after GC invocations=44 (full 0):
 garbage-first heap   total 253952K, used 169538K [0x0000000080000000, 0x0000000100000000)
  region size 1024K, 3 young (3072K), 3 survivors (3072K)
 Metaspace       used 108752K, committed 109376K, reserved 1146880K
  class space    used 14289K, committed 14592K, reserved 1048576K
}
Event: 61.629 GC heap before
{Heap before GC invocations=44 (full 0):
 garbage-first heap   total 253952K, used 211522K [0x0000000080000000, 0x0000000100000000)
  region size 1024K, 45 young (46080K), 3 survivors (3072K)
 Metaspace       used 111232K, committed 111936K, reserved 1146880K
  class space    used 14567K, committed 14912K, reserved 1048576K
}
Event: 61.640 GC heap after
{Heap after GC invocations=45 (full 0):
 garbage-first heap   total 253952K, used 173481K [0x0000000080000000, 0x0000000100000000)
  region size 1024K, 6 young (6144K), 6 survivors (6144K)
 Metaspace       used 111232K, committed 111936K, reserved 1146880K
  class space    used 14567K, committed 14912K, reserved 1048576K
}
Event: 62.609 GC heap before
{Heap before GC invocations=45 (full 0):
 garbage-first heap   total 253952K, used 212393K [0x0000000080000000, 0x0000000100000000)
  region size 1024K, 45 young (46080K), 6 survivors (6144K)
 Metaspace       used 111717K, committed 112448K, reserved 1146880K
  class space    used 14623K, committed 14976K, reserved 1048576K
}
Event: 62.621 GC heap after
{Heap after GC invocations=46 (full 0):
 garbage-first heap   total 253952K, used 176251K [0x0000000080000000, 0x0000000100000000)
  region size 1024K, 4 young (4096K), 4 survivors (4096K)
 Metaspace       used 111717K, committed 112448K, reserved 1146880K
  class space    used 14623K, committed 14976K, reserved 1048576K
}
Event: 62.958 GC heap before
{Heap before GC invocations=46 (full 0):
 garbage-first heap   total 253952K, used 201851K [0x0000000080000000, 0x0000000100000000)
  region size 1024K, 10 young (10240K), 4 survivors (4096K)
 Metaspace       used 112619K, committed 113344K, reserved 1146880K
  class space    used 14751K, committed 15104K, reserved 1048576K
}
Event: 62.967 GC heap after
{Heap after GC invocations=47 (full 0):
 garbage-first heap   total 253952K, used 197213K [0x0000000080000000, 0x0000000100000000)
  region size 1024K, 4 young (4096K), 4 survivors (4096K)
 Metaspace       used 112619K, committed 113344K, reserved 1146880K
  class space    used 14751K, committed 15104K, reserved 1048576K
}
Event: 62.978 GC heap before
{Heap before GC invocations=47 (full 0):
 garbage-first heap   total 253952K, used 207453K [0x0000000080000000, 0x0000000100000000)
  region size 1024K, 5 young (5120K), 4 survivors (4096K)
 Metaspace       used 112619K, committed 113344K, reserved 1146880K
  class space    used 14751K, committed 15104K, reserved 1048576K
}
Event: 62.983 GC heap after
{Heap after GC invocations=48 (full 0):
 garbage-first heap   total 253952K, used 203599K [0x0000000080000000, 0x0000000100000000)
  region size 1024K, 1 young (1024K), 1 survivors (1024K)
 Metaspace       used 112619K, committed 113344K, reserved 1146880K
  class space    used 14751K, committed 15104K, reserved 1048576K
}
Event: 62.985 GC heap before
{Heap before GC invocations=48 (full 0):
 garbage-first heap   total 253952K, used 205647K [0x0000000080000000, 0x0000000100000000)
  region size 1024K, 2 young (2048K), 1 survivors (1024K)
 Metaspace       used 112619K, committed 113344K, reserved 1146880K
  class space    used 14751K, committed 15104K, reserved 1048576K
}
Event: 62.988 GC heap after
{Heap after GC invocations=49 (full 0):
 garbage-first heap   total 253952K, used 203331K [0x0000000080000000, 0x0000000100000000)
  region size 1024K, 1 young (1024K), 1 survivors (1024K)
 Metaspace       used 112619K, committed 113344K, reserved 1146880K
  class space    used 14751K, committed 15104K, reserved 1048576K
}

Dll operation events (2 events):
Event: 0.023 Loaded shared library C:\Program Files\Android\Android Studio2\jbr\bin\java.dll
Event: 0.858 Loaded shared library C:\Program Files\Android\Android Studio2\jbr\bin\verify.dll

Deoptimization events (20 events):
Event: 63.243 Thread 0x0000021a73d96570 Uncommon trap: trap_request=0xffffff45 fr.pc=0x0000021a61953e48 relative=0x0000000000000048
Event: 63.243 Thread 0x0000021a73d96570 Uncommon trap: reason=unstable_if action=reinterpret pc=0x0000021a61953e48 method=java.lang.Thread.interrupted()Z @ 10 c2
Event: 63.243 Thread 0x0000021a73d96570 DEOPT PACKING pc=0x0000021a61953e48 sp=0x000000758a7ff2e0
Event: 63.243 Thread 0x0000021a73d96570 DEOPT UNPACKING pc=0x0000021a611069a3 sp=0x000000758a7ff270 mode 2
Event: 63.305 Thread 0x0000021a72b002e0 Uncommon trap: trap_request=0xffffff45 fr.pc=0x0000021a61dd3c4c relative=0x000000000000022c
Event: 63.305 Thread 0x0000021a72b002e0 Uncommon trap: reason=unstable_if action=reinterpret pc=0x0000021a61dd3c4c method=com.google.common.collect.ImmutableMap$Builder.ensureCapacity(I)V @ 6 c2
Event: 63.305 Thread 0x0000021a72b002e0 DEOPT PACKING pc=0x0000021a61dd3c4c sp=0x00000075836f94b0
Event: 63.305 Thread 0x0000021a72b002e0 DEOPT UNPACKING pc=0x0000021a611069a3 sp=0x00000075836f9418 mode 2
Event: 63.306 Thread 0x0000021a72b002e0 Uncommon trap: trap_request=0xffffffd6 fr.pc=0x0000021a61defb74 relative=0x0000000000000d94
Event: 63.306 Thread 0x0000021a72b002e0 Uncommon trap: reason=array_check action=maybe_recompile pc=0x0000021a61defb74 method=com.google.common.collect.RegularImmutableMap.fromEntryArrayCheckingBucketOverflow(I[Ljava/util/Map$Entry;Z)Lcom/google/common/collect/ImmutableMap; @ 216 c2
Event: 63.306 Thread 0x0000021a72b002e0 DEOPT PACKING pc=0x0000021a61defb74 sp=0x00000075836f92e0
Event: 63.306 Thread 0x0000021a72b002e0 DEOPT UNPACKING pc=0x0000021a611069a3 sp=0x00000075836f9270 mode 2
Event: 63.314 Thread 0x0000021a72b002e0 Uncommon trap: trap_request=0xffffffde fr.pc=0x0000021a61ae2f48 relative=0x0000000000000148
Event: 63.314 Thread 0x0000021a72b002e0 Uncommon trap: reason=class_check action=maybe_recompile pc=0x0000021a61ae2f48 method=java.lang.reflect.Array.newInstance(Ljava/lang/Class;I)Ljava/lang/Object; @ 2 c2
Event: 63.314 Thread 0x0000021a72b002e0 DEOPT PACKING pc=0x0000021a61ae2f48 sp=0x00000075836f9900
Event: 63.314 Thread 0x0000021a72b002e0 DEOPT UNPACKING pc=0x0000021a611069a3 sp=0x00000075836f9898 mode 2
Event: 63.319 Thread 0x0000021a72b002e0 Uncommon trap: trap_request=0xffffff45 fr.pc=0x0000021a61de51a4 relative=0x0000000000000184
Event: 63.319 Thread 0x0000021a72b002e0 Uncommon trap: reason=unstable_if action=reinterpret pc=0x0000021a61de51a4 method=com.google.common.collect.ImmutableSet$SetBuilderImpl.ensureCapacity(I)V @ 6 c2
Event: 63.319 Thread 0x0000021a72b002e0 DEOPT PACKING pc=0x0000021a61de51a4 sp=0x00000075836fa850
Event: 63.319 Thread 0x0000021a72b002e0 DEOPT UNPACKING pc=0x0000021a611069a3 sp=0x00000075836fa7a8 mode 2

Classes unloaded (2 events):
Event: 63.324 Thread 0x0000021a7050fc60 Unloading class 0x0000000100ca4800 'java/lang/invoke/LambdaForm$DMH+0x0000000100ca4800'
Event: 63.324 Thread 0x0000021a7050fc60 Unloading class 0x0000000100ca4400 'java/lang/invoke/LambdaForm$DMH+0x0000000100ca4400'

Classes redefined (0 events):
No events

Internal exceptions (20 events):
Event: 51.755 Thread 0x0000021a759f03d0 Exception <a 'sun/nio/fs/WindowsException'{0x000000008f7d9870}> (0x000000008f7d9870) 
thrown [s\src\hotspot\share\prims\jni.cpp, line 517]
Event: 51.756 Thread 0x0000021a759f03d0 Exception <a 'sun/nio/fs/WindowsException'{0x000000008f7d9c18}> (0x000000008f7d9c18) 
thrown [s\src\hotspot\share\prims\jni.cpp, line 517]
Event: 51.762 Thread 0x0000021a759f03d0 Exception <a 'sun/nio/fs/WindowsException'{0x000000008f7daba0}> (0x000000008f7daba0) 
thrown [s\src\hotspot\share\prims\jni.cpp, line 517]
Event: 51.762 Thread 0x0000021a759f03d0 Exception <a 'sun/nio/fs/WindowsException'{0x000000008f7daf40}> (0x000000008f7daf40) 
thrown [s\src\hotspot\share\prims\jni.cpp, line 517]
Event: 52.084 Thread 0x0000021a759f03d0 Exception <a 'java/lang/NoSuchMethodError'{0x000000008f579160}: 'void java.lang.invoke.DirectMethodHandle$Holder.invokeStatic(java.lang.Object, long)'> (0x000000008f579160) 
thrown [s\src\hotspot\share\interpreter\linkResolver.cpp, line 771]
Event: 52.085 Thread 0x0000021a759f03d0 Exception <a 'java/lang/NoSuchMethodError'{0x000000008f57ea18}: 'java.lang.Object java.lang.invoke.DirectMethodHandle$Holder.newInvokeSpecial(java.lang.Object, long)'> (0x000000008f57ea18) 
thrown [s\src\hotspot\share\interpreter\linkResolver.cpp, line 771]
Event: 52.091 Thread 0x0000021a759f03d0 Exception <a 'java/lang/NoSuchMethodError'{0x000000008f585658}: 'java.lang.Object java.lang.invoke.DirectMethodHandle$Holder.invokeStatic(java.lang.Object, java.lang.Object, long, java.lang.Object)'> (0x000000008f585658) 
thrown [s\src\hotspot\share\interpreter\linkResolver.cpp, line 771]
Event: 52.092 Thread 0x0000021a759f03d0 Exception <a 'java/lang/NoSuchMethodError'{0x000000008f5890d8}: 'java.lang.Object java.lang.invoke.DirectMethodHandle$Holder.invokeStaticInit(java.lang.Object, java.lang.Object, long, java.lang.Object)'> (0x000000008f5890d8) 
thrown [s\src\hotspot\share\interpreter\linkResolver.cpp, line 771]
Event: 53.741 Thread 0x0000021a759f03d0 Exception <a 'java/lang/NoSuchMethodError'{0x000000008f4dd180}: 'int java.lang.invoke.DirectMethodHandle$Holder.invokeSpecialIFC(java.lang.Object, java.lang.Object, java.lang.Object)'> (0x000000008f4dd180) 
thrown [s\src\hotspot\share\interpreter\linkResolver.cpp, line 771]
Event: 59.406 Thread 0x0000021a759f03d0 Exception <a 'sun/nio/fs/WindowsException'{0x000000008c837da8}> (0x000000008c837da8) 
thrown [s\src\hotspot\share\prims\jni.cpp, line 517]
Event: 59.406 Thread 0x0000021a759f03d0 Exception <a 'sun/nio/fs/WindowsException'{0x000000008c838198}> (0x000000008c838198) 
thrown [s\src\hotspot\share\prims\jni.cpp, line 517]
Event: 59.425 Thread 0x0000021a759f03d0 Implicit null exception at 0x0000021a61dd135a to 0x0000021a61dd14dc
Event: 59.425 Thread 0x0000021a759f03d0 Implicit null exception at 0x0000021a61dcc33e to 0x0000021a61dcc490
Event: 62.035 Thread 0x0000021a759f4c00 Exception <a 'java/lang/NoSuchMethodError'{0x000000008edd4b68}: static Ljava/lang/Object;.<clinit>()V> (0x000000008edd4b68) 
thrown [s\src\hotspot\share\prims\jni.cpp, line 1108]
Event: 62.830 Thread 0x0000021a759ef090 Exception <a 'java/lang/NoSuchMethodError'{0x000000008f357c68}: 'java.lang.Object java.lang.invoke.Invokers$Holder.invoke_MT(java.lang.Object, java.lang.Object, java.lang.Object)'> (0x000000008f357c68) 
thrown [s\src\hotspot\share\interpreter\linkResolver.cpp, line 771]
Event: 62.925 Thread 0x0000021a7609f1a0 Implicit null exception at 0x0000021a618df003 to 0x0000021a618df1c4
Event: 63.063 Thread 0x0000021a759ef090 Implicit null exception at 0x0000021a6181214b to 0x0000021a61812170
Event: 63.269 Thread 0x0000021a72b002e0 Exception <a 'sun/nio/fs/WindowsException'{0x000000008f4a4660}> (0x000000008f4a4660) 
thrown [s\src\hotspot\share\prims\jni.cpp, line 517]
Event: 63.269 Thread 0x0000021a72b002e0 Exception <a 'sun/nio/fs/WindowsException'{0x000000008f4a49f0}> (0x000000008f4a49f0) 
thrown [s\src\hotspot\share\prims\jni.cpp, line 517]
Event: 63.270 Thread 0x0000021a72b002e0 Exception <a 'sun/nio/fs/WindowsException'{0x000000008f4a6898}> (0x000000008f4a6898) 
thrown [s\src\hotspot\share\prims\jni.cpp, line 517]

VM Operations (20 events):
Event: 61.197 Executing VM operation: ICBufferFull done
Event: 61.629 Executing VM operation: G1CollectForAllocation
Event: 61.641 Executing VM operation: G1CollectForAllocation done
Event: 62.538 Executing VM operation: ICBufferFull
Event: 62.538 Executing VM operation: ICBufferFull done
Event: 62.609 Executing VM operation: G1CollectForAllocation
Event: 62.621 Executing VM operation: G1CollectForAllocation done
Event: 62.826 Executing VM operation: HandshakeAllThreads
Event: 62.826 Executing VM operation: HandshakeAllThreads done
Event: 62.957 Executing VM operation: G1TryInitiateConcMark
Event: 62.968 Executing VM operation: G1TryInitiateConcMark done
Event: 62.978 Executing VM operation: G1TryInitiateConcMark
Event: 62.983 Executing VM operation: G1TryInitiateConcMark done
Event: 62.985 Executing VM operation: G1TryInitiateConcMark
Event: 62.988 Executing VM operation: G1TryInitiateConcMark done
Event: 63.258 Executing VM operation: HandshakeAllThreads
Event: 63.258 Executing VM operation: HandshakeAllThreads done
Event: 63.302 Executing VM operation: HandshakeAllThreads
Event: 63.303 Executing VM operation: HandshakeAllThreads done
Event: 63.323 Executing VM operation: G1Concurrent

Events (20 events):
Event: 63.027 loading class sun/security/jca/JCAUtil
Event: 63.028 loading class sun/security/jca/JCAUtil done
Event: 63.028 loading class sun/security/jca/JCAUtil$CachedSecureRandomHolder
Event: 63.028 loading class sun/security/jca/JCAUtil$CachedSecureRandomHolder done
Event: 63.035 loading class sun/security/rsa/RSACore$BlindingRandomPair
Event: 63.035 loading class sun/security/rsa/RSACore$BlindingRandomPair done
Event: 63.064 loading class java/util/stream/DistinctOps
Event: 63.065 loading class java/util/stream/DistinctOps done
Event: 63.065 loading class java/util/stream/DistinctOps$1
Event: 63.065 loading class java/util/stream/DistinctOps$1 done
Event: 63.066 loading class java/util/stream/DistinctOps$1$2
Event: 63.066 loading class java/util/stream/DistinctOps$1$2 done
Event: 63.244 Thread 0x0000021a73d96570 Thread exited: 0x0000021a73d96570
Event: 63.244 Thread 0x0000021a712a81b0 Thread exited: 0x0000021a712a81b0
Event: 63.283 loading class javax/management/InstanceAlreadyExistsException
Event: 63.284 loading class javax/management/InstanceAlreadyExistsException done
Event: 63.284 loading class javax/management/MBeanRegistrationException
Event: 63.285 loading class javax/management/MBeanRegistrationException done
Event: 63.285 loading class javax/management/NotCompliantMBeanException
Event: 63.285 loading class javax/management/NotCompliantMBeanException done


Dynamic libraries:
0x00007ff7008c0000 - 0x00007ff7008ca000 	C:\Program Files\Android\Android Studio2\jbr\bin\java.exe
0x00007ffda1790000 - 0x00007ffda19a7000 	C:\WINDOWS\SYSTEM32\ntdll.dll
0x00007ffda0f10000 - 0x00007ffda0fd4000 	C:\WINDOWS\System32\KERNEL32.DLL
0x00007ffd9ef70000 - 0x00007ffd9f316000 	C:\WINDOWS\System32\KERNELBASE.dll
0x00007ffd9ed60000 - 0x00007ffd9ee71000 	C:\WINDOWS\System32\ucrtbase.dll
0x00007ffd9a050000 - 0x00007ffd9a06b000 	C:\Program Files\Android\Android Studio2\jbr\bin\VCRUNTIME140.dll
0x00007ffd47130000 - 0x00007ffd47147000 	C:\Program Files\Android\Android Studio2\jbr\bin\jli.dll
0x00007ffd9feb0000 - 0x00007ffda005e000 	C:\WINDOWS\System32\USER32.dll
0x00007ffd9ee80000 - 0x00007ffd9eea6000 	C:\WINDOWS\System32\win32u.dll
0x00007ffda1680000 - 0x00007ffda16a9000 	C:\WINDOWS\System32\GDI32.dll
0x00007ffd9f320000 - 0x00007ffd9f438000 	C:\WINDOWS\System32\gdi32full.dll
0x00007ffd8ac30000 - 0x00007ffd8aec3000 	C:\WINDOWS\WinSxS\amd64_microsoft.windows.common-controls_6595b64144ccf1df_6.0.22621.2506_none_270c5ae97388e100\COMCTL32.dll
0x00007ffd9f440000 - 0x00007ffd9f4da000 	C:\WINDOWS\System32\msvcp_win.dll
0x00007ffd9fd40000 - 0x00007ffd9fde7000 	C:\WINDOWS\System32\msvcrt.dll
0x00007ffda1640000 - 0x00007ffda1671000 	C:\WINDOWS\System32\IMM32.DLL
0x00007ffd99c00000 - 0x00007ffd99c0c000 	C:\Program Files\Android\Android Studio2\jbr\bin\vcruntime140_1.dll
0x00007ffd85750000 - 0x00007ffd857dd000 	C:\Program Files\Android\Android Studio2\jbr\bin\msvcp140.dll
0x00007ffd38b70000 - 0x00007ffd397de000 	C:\Program Files\Android\Android Studio2\jbr\bin\server\jvm.dll
0x00007ffda0500000 - 0x00007ffda05b1000 	C:\WINDOWS\System32\ADVAPI32.dll
0x00007ffda0a50000 - 0x00007ffda0af5000 	C:\WINDOWS\System32\sechost.dll
0x00007ffda0d80000 - 0x00007ffda0e97000 	C:\WINDOWS\System32\RPCRT4.dll
0x00007ffd7f270000 - 0x00007ffd7f279000 	C:\WINDOWS\SYSTEM32\WSOCK32.dll
0x00007ffd97360000 - 0x00007ffd97394000 	C:\WINDOWS\SYSTEM32\WINMM.dll
0x00007ffd94610000 - 0x00007ffd9461a000 	C:\WINDOWS\SYSTEM32\VERSION.dll
0x00007ffda0b00000 - 0x00007ffda0b71000 	C:\WINDOWS\System32\WS2_32.dll
0x00007ffd9db00000 - 0x00007ffd9db18000 	C:\WINDOWS\SYSTEM32\kernel.appcore.dll
0x00007ffd74c30000 - 0x00007ffd74c3a000 	C:\Program Files\Android\Android Studio2\jbr\bin\jimage.dll
0x00007ffd94a60000 - 0x00007ffd94c93000 	C:\WINDOWS\SYSTEM32\DBGHELP.DLL
0x00007ffda06c0000 - 0x00007ffda0a49000 	C:\WINDOWS\System32\combase.dll
0x00007ffda05c0000 - 0x00007ffda0697000 	C:\WINDOWS\System32\OLEAUT32.dll
0x00007ffd80920000 - 0x00007ffd80952000 	C:\WINDOWS\SYSTEM32\dbgcore.DLL
0x00007ffd9ece0000 - 0x00007ffd9ed5a000 	C:\WINDOWS\System32\bcryptPrimitives.dll
0x00007ffd73cf0000 - 0x00007ffd73d15000 	C:\Program Files\Android\Android Studio2\jbr\bin\java.dll
0x00007ffd73cd0000 - 0x00007ffd73ce8000 	C:\Program Files\Android\Android Studio2\jbr\bin\zip.dll
0x00007ffd9f4e0000 - 0x00007ffd9fd3a000 	C:\WINDOWS\System32\SHELL32.dll
0x00007ffd9ca20000 - 0x00007ffd9d316000 	C:\WINDOWS\SYSTEM32\windows.storage.dll
0x00007ffd9c8e0000 - 0x00007ffd9ca1e000 	C:\WINDOWS\SYSTEM32\wintypes.dll
0x00007ffda0c80000 - 0x00007ffda0d73000 	C:\WINDOWS\System32\SHCORE.dll
0x00007ffd9fe50000 - 0x00007ffd9feae000 	C:\WINDOWS\System32\shlwapi.dll
0x00007ffd9ea30000 - 0x00007ffd9ea56000 	C:\WINDOWS\SYSTEM32\profapi.dll
0x00007ffd73cb0000 - 0x00007ffd73cc9000 	C:\Program Files\Android\Android Studio2\jbr\bin\net.dll
0x00007ffd97960000 - 0x00007ffd97a97000 	C:\WINDOWS\SYSTEM32\WINHTTP.dll
0x00007ffd9df80000 - 0x00007ffd9dfe9000 	C:\WINDOWS\system32\mswsock.dll
0x00007ffd73c90000 - 0x00007ffd73ca6000 	C:\Program Files\Android\Android Studio2\jbr\bin\nio.dll
0x00007ffd74c20000 - 0x00007ffd74c30000 	C:\Program Files\Android\Android Studio2\jbr\bin\verify.dll
0x00007ffd9a070000 - 0x00007ffd9a097000 	C:\Users\princ\.gradle\native\68d5fa5c4cc2d200863cafc0d521ce42e7d3e7ee720ec0a83991735586a16f82\windows-amd64\native-platform.dll
0x00007ffd3fbf0000 - 0x00007ffd3fd34000 	C:\Users\princ\.gradle\native\e376f236ea51e6404a007f0833ffe2c6e607c4080706a723a18a27aeea778392\windows-amd64\native-platform-file-events.dll
0x00007ffd73c00000 - 0x00007ffd73c09000 	C:\Program Files\Android\Android Studio2\jbr\bin\management.dll
0x00007ffd73850000 - 0x00007ffd7385b000 	C:\Program Files\Android\Android Studio2\jbr\bin\management_ext.dll
0x00007ffd9fdf0000 - 0x00007ffd9fdf8000 	C:\WINDOWS\System32\PSAPI.DLL
0x00007ffd9e1d0000 - 0x00007ffd9e1eb000 	C:\WINDOWS\SYSTEM32\CRYPTSP.dll
0x00007ffd9da60000 - 0x00007ffd9da95000 	C:\WINDOWS\system32\rsaenh.dll
0x00007ffd9e070000 - 0x00007ffd9e09c000 	C:\WINDOWS\SYSTEM32\USERENV.dll
0x00007ffd9e3a0000 - 0x00007ffd9e3c8000 	C:\WINDOWS\SYSTEM32\bcrypt.dll
0x00007ffd9e1f0000 - 0x00007ffd9e1fc000 	C:\WINDOWS\SYSTEM32\CRYPTBASE.dll
0x00007ffd9d580000 - 0x00007ffd9d5ad000 	C:\WINDOWS\SYSTEM32\IPHLPAPI.DLL
0x00007ffda06a0000 - 0x00007ffda06a9000 	C:\WINDOWS\System32\NSI.dll
0x00007ffd97fc0000 - 0x00007ffd97fd9000 	C:\WINDOWS\SYSTEM32\dhcpcsvc6.DLL
0x00007ffd973b0000 - 0x00007ffd973cf000 	C:\WINDOWS\SYSTEM32\dhcpcsvc.DLL
0x00007ffd9d5f0000 - 0x00007ffd9d6e9000 	C:\WINDOWS\SYSTEM32\DNSAPI.dll
0x00007ffd5b160000 - 0x00007ffd5b168000 	C:\WINDOWS\system32\wshunix.dll
0x00007ffd9db20000 - 0x00007ffd9db54000 	C:\WINDOWS\SYSTEM32\ntmarta.dll

dbghelp: loaded successfully - version: 4.0.5 - missing functions: none
symbol engine: initialized successfully - sym options: 0x614 - pdb path: .;C:\Program Files\Android\Android Studio2\jbr\bin;C:\WINDOWS\SYSTEM32;C:\WINDOWS\WinSxS\amd64_microsoft.windows.common-controls_6595b64144ccf1df_6.0.22621.2506_none_270c5ae97388e100;C:\Program Files\Android\Android Studio2\jbr\bin\server;C:\Users\princ\.gradle\native\68d5fa5c4cc2d200863cafc0d521ce42e7d3e7ee720ec0a83991735586a16f82\windows-amd64;C:\Users\princ\.gradle\native\e376f236ea51e6404a007f0833ffe2c6e607c4080706a723a18a27aeea778392\windows-amd64

VM Arguments:
jvm_args: --add-opens=java.base/java.util=ALL-UNNAMED --add-opens=java.base/java.lang=ALL-UNNAMED --add-opens=java.base/java.lang.invoke=ALL-UNNAMED --add-opens=java.prefs/java.util.prefs=ALL-UNNAMED --add-opens=java.base/java.nio.charset=ALL-UNNAMED --add-opens=java.base/java.net=ALL-UNNAMED --add-opens=java.base/java.util.concurrent.atomic=ALL-UNNAMED -Xmx2048m -Dfile.encoding=UTF-8 -Duser.country=US -Duser.language=en -Duser.variant 
java_command: org.gradle.launcher.daemon.bootstrap.GradleDaemon 8.0
java_class_path (initial): C:\Users\princ\.gradle\wrapper\dists\gradle-8.0-bin\ca5e32bp14vu59qr306oxotwh\gradle-8.0\lib\gradle-launcher-8.0.jar
Launcher Type: SUN_STANDARD

[Global flags]
     intx CICompilerCount                          = 4                                         {product} {ergonomic}
     uint ConcGCThreads                            = 2                                         {product} {ergonomic}
     uint G1ConcRefinementThreads                  = 8                                         {product} {ergonomic}
   size_t G1HeapRegionSize                         = 1048576                                   {product} {ergonomic}
    uintx GCDrainStackTargetSize                   = 64                                        {product} {ergonomic}
   size_t InitialHeapSize                          = 100663296                                 {product} {ergonomic}
   size_t MarkStackSize                            = 4194304                                   {product} {ergonomic}
   size_t MaxHeapSize                              = 2147483648                                {product} {command line}
   size_t MaxNewSize                               = 1287651328                                {product} {ergonomic}
   size_t MinHeapDeltaBytes                        = 1048576                                   {product} {ergonomic}
   size_t MinHeapSize                              = 8388608                                   {product} {ergonomic}
    uintx NonNMethodCodeHeapSize                   = 5839372                                {pd product} {ergonomic}
    uintx NonProfiledCodeHeapSize                  = 122909434                              {pd product} {ergonomic}
    uintx ProfiledCodeHeapSize                     = 122909434                              {pd product} {ergonomic}
    uintx ReservedCodeCacheSize                    = 251658240                              {pd product} {ergonomic}
     bool SegmentedCodeCache                       = true                                      {product} {ergonomic}
   size_t SoftMaxHeapSize                          = 2147483648                             {manageable} {ergonomic}
     bool UseCompressedClassPointers               = true                           {product lp64_product} {ergonomic}
     bool UseCompressedOops                        = true                           {product lp64_product} {ergonomic}
     bool UseG1GC                                  = true                                      {product} {ergonomic}
     bool UseLargePagesIndividualAllocation        = false                                  {pd product} {ergonomic}

Logging:
Log output configuration:
 #0: stdout all=warning uptime,level,tags
 #1: stderr all=off uptime,level,tags

Environment Variables:
PATH=C:\Program Files (x86)\VMware\VMware Player\bin\;C:\Program Files (x86)\Common Files\Oracle\Java\javapath;C:\Program Files\Common Files\Oracle\Java\javapath;C:\WINDOWS\system32;C:\WINDOWS;C:\WINDOWS\System32\Wbem;C:\WINDOWS\System32\WindowsPowerShell\v1.0\;C:\WINDOWS\System32\OpenSSH\;C:\MinGW\bin;C:\MinGW;C:\Program Files\Git\cmd;C:\WINDOWS\system32;C:\WINDOWS;C:\WINDOWS\System32\Wbem;C:\WINDOWS\System32\WindowsPowerShell\v1.0\;C:\WINDOWS\System32\OpenSSH\;C:\Users\princ\AppData\Local\Programs\Python\Python310\Scripts\;C:\Users\princ\AppData\Local\Programs\Python\Python310\;C:\Program Files (x86)\Microsoft Visual Studio\Common\Tools\WinNT;C:\Program Files (x86)\Microsoft Visual Studio\Common\MSDev98\Bin;C:\Program Files (x86)\Microsoft Visual Studio\Common\Tools;C:\Program Files (x86)\Microsoft Visual Studio\VC98\bin;C:\Users\princ\AppData\Local\Microsoft\WindowsApps;C:\Program Files (x86)\Java\jdk1.7.0_13\bin;C:\Program Files (x86)\mingw-w64\i686-8.1.0-posix-dwarf-rt_v6-rev0\mingw32\bin;C:\Program Files\JetBrains\CLion 2020.3.1\bin;C:\Program Files (x86)\NMDVPN\bin;%CLion%;C:\Users\princ\AppData\Local\Microsoft\WindowsApps;C:\Program Files\JetBrains\IntelliJ IDEA Community Edition 2021.2.2\bin;;C:\Users\princ\AppData\Local\Programs\Microsoft VS Code\bin;C:\Users\princ\AppData\Local\GitHubDesktop\bin
USERNAME=Amit
OS=Windows_NT
PROCESSOR_IDENTIFIER=AMD64 Family 23 Model 24 Stepping 1, AuthenticAMD
TMP=C:\Users\princ\AppData\Local\Temp
TEMP=C:\Users\princ\AppData\Local\Temp


JNI global refs:
JNI global refs: 25, weak refs: 4

JNI global refs memory usage: 843, weak refs: 841


---------------  S Y S T E M  ---------------

OS:
 Windows 11 , 64 bit Build 22621 (10.0.22621.2506)
OS uptime: 4 days 0:51 hours

CPU: total 8 (initial active 8) (8 cores per cpu, 2 threads per core) family 23 model 24 stepping 1 microcode 0x0, cx8, cmov, fxsr, ht, mmx, 3dnowpref, sse, sse2, sse3, ssse3, sse4a, sse4.1, sse4.2, popcnt, lzcnt, tsc, tscinvbit, avx, avx2, aes, clmul, bmi1, bmi2, adx, sha, fma, vzeroupper, clflush, clflushopt

Memory: 4k page, system-wide physical 6081M (375M free)
TotalPageFile size 14273M (AvailPageFile size 64M)
current process WorkingSet (physical memory assigned to process): 430M, peak: 474M
current process commit charge ("private bytes"): 587M, peak: 664M

vm_info: OpenJDK 64-Bit Server VM (17.0.6+0-b2043.56-10027231) for windows-amd64 JRE (17.0.6+0-b2043.56-10027231), built on Apr 28 2023 00:43:19 by "androidbuild" with MS VC++ 16.10 / 16.11 (VS2019)

END.
